<?xml version="1.0" encoding="UTF-8" ?>
<testsuite tests="2" failures="0" name="com.atguigu.crowd.test.java.com.atguigu.crowd.test.CrowdTest" time="0.004" errors="2" skipped="0">
  <properties>
[...]
</properties>
  <testcase classname="com.atguigu.crowd.test.java.com.atguigu.crowd.test.CrowdTest" name="testConnection" time="0.004">
    <error message="Error creating bean with name &apos;com.atguigu.crowd.test.java.com.atguigu.crowd.test.CrowdTest&apos;: Unsatisfied dependency expressed through field &apos;adminMapper&apos;; nested exception is org.springframework.beans.factory.NoSuchBeanDefinitionException: No qualifying bean of type &apos;com.atguigu.crowd.mapper.AdminMapper&apos; available: expected at least 1 bean which qualifies as autowire candidate. Dependency annotations: {@org.springframework.beans.factory.annotation.Autowired(required=true)}" type="org.springframework.beans.factory.UnsatisfiedDependencyException">org.springframework.beans.factory.UnsatisfiedDependencyException: Error creating bean with name &apos;com.atguigu.crowd.test.java.com.atguigu.crowd.test.CrowdTest&apos;: Unsatisfied dependency expressed through field &apos;adminMapper&apos;; nested exception is org.springframework.beans.factory.NoSuchBeanDefinitionException: No qualifying bean of type &apos;com.atguigu.crowd.mapper.AdminMapper&apos; available: expected at least 1 bean which qualifies as autowire candidate. Dependency annotations: {@org.springframework.beans.factory.annotation.Autowired(required=true)}
	at org.springframework.beans.factory.annotation.AutowiredAnnotationBeanPostProcessor$AutowiredFieldElement.inject(AutowiredAnnotationBeanPostProcessor.java:586)
	at org.springframework.beans.factory.annotation.InjectionMetadata.inject(InjectionMetadata.java:87)
	at org.springframework.beans.factory.annotation.AutowiredAnnotationBeanPostProcessor.postProcessPropertyValues(AutowiredAnnotationBeanPostProcessor.java:364)
	at org.springframework.beans.factory.support.AbstractAutowireCapableBeanFactory.populateBean(AbstractAutowireCapableBeanFactory.java:1269)
	at org.springframework.beans.factory.support.AbstractAutowireCapableBeanFactory.autowireBeanProperties(AbstractAutowireCapableBeanFactory.java:384)
	at org.springframework.test.context.support.DependencyInjectionTestExecutionListener.injectDependencies(DependencyInjectionTestExecutionListener.java:118)
	at org.springframework.test.context.support.DependencyInjectionTestExecutionListener.prepareTestInstance(DependencyInjectionTestExecutionListener.java:83)
	at org.springframework.test.context.TestContextManager.prepareTestInstance(TestContextManager.java:230)
	at org.springframework.test.context.junit4.SpringJUnit4ClassRunner.createTest(SpringJUnit4ClassRunner.java:228)
	at org.springframework.test.context.junit4.SpringJUnit4ClassRunner$1.runReflectiveCall(SpringJUnit4ClassRunner.java:287)
	at org.junit.internal.runners.model.ReflectiveCallable.run(ReflectiveCallable.java:12)
	at org.springframework.test.context.junit4.SpringJUnit4ClassRunner.methodBlock(SpringJUnit4ClassRunner.java:289)
	at org.springframework.test.context.junit4.SpringJUnit4ClassRunner.runChild(SpringJUnit4ClassRunner.java:247)
	at org.springframework.test.context.junit4.SpringJUnit4ClassRunner.runChild(SpringJUnit4ClassRunner.java:94)
	at org.junit.runners.ParentRunner$3.run(ParentRunner.java:290)
	at org.junit.runners.ParentRunner$1.schedule(ParentRunner.java:71)
	at org.junit.runners.ParentRunner.runChildren(ParentRunner.java:288)
	at org.junit.runners.ParentRunner.access$000(ParentRunner.java:58)
	at org.junit.runners.ParentRunner$2.evaluate(ParentRunner.java:268)
	at org.springframework.test.context.junit4.statements.RunBeforeTestClassCallbacks.evaluate(RunBeforeTestClassCallbacks.java:61)
	at org.springframework.test.context.junit4.statements.RunAfterTestClassCallbacks.evaluate(RunAfterTestClassCallbacks.java:70)
	at org.junit.runners.ParentRunner.run(ParentRunner.java:363)
	at org.springframework.test.context.junit4.SpringJUnit4ClassRunner.run(SpringJUnit4ClassRunner.java:191)
	at org.apache.maven.surefire.junit4.JUnit4Provider.execute(JUnit4Provider.java:252)
	at org.apache.maven.surefire.junit4.JUnit4Provider.executeTestSet(JUnit4Provider.java:141)
	at org.apache.maven.surefire.junit4.JUnit4Provider.invoke(JUnit4Provider.java:112)
	at sun.reflect.NativeMethodAccessorImpl.invoke0(Native Method)
	at sun.reflect.NativeMethodAccessorImpl.invoke(NativeMethodAccessorImpl.java:62)
	at sun.reflect.DelegatingMethodAccessorImpl.invoke(DelegatingMethodAccessorImpl.java:43)
	at java.lang.reflect.Method.invoke(Method.java:498)
	at org.apache.maven.surefire.util.ReflectionUtils.invokeMethodWithArray(ReflectionUtils.java:189)
	at org.apache.maven.surefire.booter.ProviderFactory$ProviderProxy.invoke(ProviderFactory.java:165)
	at org.apache.maven.surefire.booter.ProviderFactory.invokeProvider(ProviderFactory.java:85)
	at org.apache.maven.surefire.booter.ForkedBooter.runSuitesInProcess(ForkedBooter.java:115)
	at org.apache.maven.surefire.booter.ForkedBooter.main(ForkedBooter.java:75)
Caused by: org.springframework.beans.factory.NoSuchBeanDefinitionException: No qualifying bean of type &apos;com.atguigu.crowd.mapper.AdminMapper&apos; available: expected at least 1 bean which qualifies as autowire candidate. Dependency annotations: {@org.springframework.beans.factory.annotation.Autowired(required=true)}
	at org.springframework.beans.factory.support.DefaultListableBeanFactory.raiseNoMatchingBeanFound(DefaultListableBeanFactory.java:1491)
	at org.springframework.beans.factory.support.DefaultListableBeanFactory.doResolveDependency(DefaultListableBeanFactory.java:1102)
	at org.springframework.beans.factory.support.DefaultListableBeanFactory.resolveDependency(DefaultListableBeanFactory.java:1064)
	at org.springframework.beans.factory.annotation.AutowiredAnnotationBeanPostProcessor$AutowiredFieldElement.inject(AutowiredAnnotationBeanPostProcessor.java:583)
	... 34 more
</error>
    <system-out>23:22:08,827 |-INFO in ch.qos.logback.classic.LoggerContext[default] - Could NOT find resource [logback-test.xml]
23:22:08,827 |-INFO in ch.qos.logback.classic.LoggerContext[default] - Could NOT find resource [logback.groovy]
23:22:08,827 |-INFO in ch.qos.logback.classic.LoggerContext[default] - Found resource [logback.xml] at [file:/E:/work/atcrowdfunding01-admin-parent/atcrowdfunding02-admin-webui/target/classes/logback.xml]
23:22:08,898 |-INFO in ch.qos.logback.core.joran.action.AppenderAction - About to instantiate appender of type [ch.qos.logback.core.ConsoleAppender]
23:22:08,902 |-INFO in ch.qos.logback.core.joran.action.AppenderAction - Naming appender as [STDOUT]
23:22:08,907 |-INFO in ch.qos.logback.core.joran.action.NestedComplexPropertyIA - Assuming default type [ch.qos.logback.classic.encoder.PatternLayoutEncoder] for [encoder] property
23:22:08,929 |-INFO in ch.qos.logback.classic.joran.action.RootLoggerAction - Setting level of ROOT logger to DEBUG
23:22:08,929 |-INFO in ch.qos.logback.core.joran.action.AppenderRefAction - Attaching appender named [STDOUT] to Logger[ROOT]
23:22:08,931 |-INFO in ch.qos.logback.classic.joran.action.LoggerAction - Setting level of logger [com.atguigu.crowd.mapper] to DEBUG
23:22:08,931 |-INFO in ch.qos.logback.classic.joran.action.ConfigurationAction - End of configuration.
23:22:08,932 |-INFO in ch.qos.logback.classic.joran.JoranConfigurator@5442a311 - Registering current configuration as safe fallback point
[23:22:08.961] [DEBUG] [main] [org.springframework.test.context.junit4.SpringJUnit4ClassRunner] [SpringJUnit4ClassRunner constructor called with [class com.atguigu.crowd.test.java.com.atguigu.crowd.test.CrowdTest]]
[23:22:08.964] [DEBUG] [main] [org.springframework.test.context.BootstrapUtils] [Instantiating CacheAwareContextLoaderDelegate from class [org.springframework.test.context.cache.DefaultCacheAwareContextLoaderDelegate]]
[23:22:08.970] [DEBUG] [main] [org.springframework.test.context.BootstrapUtils] [Instantiating BootstrapContext using constructor [public org.springframework.test.context.support.DefaultBootstrapContext(java.lang.Class,org.springframework.test.context.CacheAwareContextLoaderDelegate)]]
[23:22:08.976] [DEBUG] [main] [org.springframework.test.context.BootstrapUtils] [Instantiating TestContextBootstrapper for test class [com.atguigu.crowd.test.java.com.atguigu.crowd.test.CrowdTest] from class [org.springframework.test.context.support.DefaultTestContextBootstrapper]]
[23:22:08.997] [DEBUG] [main] [org.springframework.test.context.support.AbstractDelegatingSmartContextLoader] [Delegating to GenericXmlContextLoader to process context configuration [ContextConfigurationAttributes@77ec78b9 declaringClass = &apos;com.atguigu.crowd.test.java.com.atguigu.crowd.test.CrowdTest&apos;, classes = &apos;{}&apos;, locations = &apos;{classpath:spring-persist-mybatis.xml}&apos;, inheritLocations = true, initializers = &apos;{}&apos;, inheritInitializers = true, name = [null], contextLoaderClass = &apos;org.springframework.test.context.ContextLoader&apos;].]
[23:22:09.009] [DEBUG] [main] [org.springframework.test.context.support.ActiveProfilesUtils] [Could not find an &apos;annotation declaring class&apos; for annotation type [org.springframework.test.context.ActiveProfiles] and class [com.atguigu.crowd.test.java.com.atguigu.crowd.test.CrowdTest]]
[23:22:09.009] [DEBUG] [main] [org.springframework.test.context.support.DefaultTestContextBootstrapper] [@TestExecutionListeners is not present for class [com.atguigu.crowd.test.java.com.atguigu.crowd.test.CrowdTest]: using defaults.]
[23:22:09.010] [INFO ] [main] [org.springframework.test.context.support.DefaultTestContextBootstrapper] [Loaded default TestExecutionListener class names from location [META-INF/spring.factories]: [org.springframework.test.context.web.ServletTestExecutionListener, org.springframework.test.context.support.DirtiesContextBeforeModesTestExecutionListener, org.springframework.test.context.support.DependencyInjectionTestExecutionListener, org.springframework.test.context.support.DirtiesContextTestExecutionListener, org.springframework.test.context.transaction.TransactionalTestExecutionListener, org.springframework.test.context.jdbc.SqlScriptsTestExecutionListener]]
[23:22:09.022] [INFO ] [main] [org.springframework.test.context.support.DefaultTestContextBootstrapper] [Using TestExecutionListeners: [org.springframework.test.context.web.ServletTestExecutionListener@4bb4de6a, org.springframework.test.context.support.DirtiesContextBeforeModesTestExecutionListener@7ba18f1b, org.springframework.test.context.support.DependencyInjectionTestExecutionListener@2f8f5f62, org.springframework.test.context.support.DirtiesContextTestExecutionListener@1068e947, org.springframework.test.context.transaction.TransactionalTestExecutionListener@7dc222ae, org.springframework.test.context.jdbc.SqlScriptsTestExecutionListener@aecb35a]]
[23:22:09.024] [DEBUG] [main] [org.springframework.test.annotation.ProfileValueUtils] [Retrieved @ProfileValueSourceConfiguration [null] for test class [com.atguigu.crowd.test.java.com.atguigu.crowd.test.CrowdTest]]
[23:22:09.025] [DEBUG] [main] [org.springframework.test.annotation.ProfileValueUtils] [Retrieved ProfileValueSource type [class org.springframework.test.annotation.SystemProfileValueSource] for class [com.atguigu.crowd.test.java.com.atguigu.crowd.test.CrowdTest]]
[23:22:09.025] [DEBUG] [main] [org.springframework.test.annotation.ProfileValueUtils] [Retrieved @ProfileValueSourceConfiguration [null] for test class [com.atguigu.crowd.test.java.com.atguigu.crowd.test.CrowdTest]]
[23:22:09.026] [DEBUG] [main] [org.springframework.test.annotation.ProfileValueUtils] [Retrieved ProfileValueSource type [class org.springframework.test.annotation.SystemProfileValueSource] for class [com.atguigu.crowd.test.java.com.atguigu.crowd.test.CrowdTest]]
[23:22:09.029] [DEBUG] [main] [org.springframework.test.context.support.AbstractDirtiesContextTestExecutionListener] [Before test class: context [DefaultTestContext@48a242ce testClass = CrowdTest, testInstance = [null], testMethod = [null], testException = [null], mergedContextConfiguration = [MergedContextConfiguration@1e4a7dd4 testClass = CrowdTest, locations = &apos;{classpath:spring-persist-mybatis.xml}&apos;, classes = &apos;{}&apos;, contextInitializerClasses = &apos;[]&apos;, activeProfiles = &apos;{}&apos;, propertySourceLocations = &apos;{}&apos;, propertySourceProperties = &apos;{}&apos;, contextCustomizers = set[[empty]], contextLoader = &apos;org.springframework.test.context.support.DelegatingSmartContextLoader&apos;, parent = [null]]], class annotated with @DirtiesContext [false] with mode [null].]
[23:22:09.030] [DEBUG] [main] [org.springframework.test.annotation.ProfileValueUtils] [Retrieved @ProfileValueSourceConfiguration [null] for test class [com.atguigu.crowd.test.java.com.atguigu.crowd.test.CrowdTest]]
[23:22:09.030] [DEBUG] [main] [org.springframework.test.annotation.ProfileValueUtils] [Retrieved ProfileValueSource type [class org.springframework.test.annotation.SystemProfileValueSource] for class [com.atguigu.crowd.test.java.com.atguigu.crowd.test.CrowdTest]]
[23:22:09.032] [DEBUG] [main] [org.springframework.test.context.support.DependencyInjectionTestExecutionListener] [Performing dependency injection for test context [[DefaultTestContext@48a242ce testClass = CrowdTest, testInstance = com.atguigu.crowd.test.java.com.atguigu.crowd.test.CrowdTest@140e5a13, testMethod = [null], testException = [null], mergedContextConfiguration = [MergedContextConfiguration@1e4a7dd4 testClass = CrowdTest, locations = &apos;{classpath:spring-persist-mybatis.xml}&apos;, classes = &apos;{}&apos;, contextInitializerClasses = &apos;[]&apos;, activeProfiles = &apos;{}&apos;, propertySourceLocations = &apos;{}&apos;, propertySourceProperties = &apos;{}&apos;, contextCustomizers = set[[empty]], contextLoader = &apos;org.springframework.test.context.support.DelegatingSmartContextLoader&apos;, parent = [null]]]].]
[23:22:09.033] [DEBUG] [main] [org.springframework.test.context.support.AbstractDelegatingSmartContextLoader] [Delegating to GenericXmlContextLoader to load context from [MergedContextConfiguration@1e4a7dd4 testClass = CrowdTest, locations = &apos;{classpath:spring-persist-mybatis.xml}&apos;, classes = &apos;{}&apos;, contextInitializerClasses = &apos;[]&apos;, activeProfiles = &apos;{}&apos;, propertySourceLocations = &apos;{}&apos;, propertySourceProperties = &apos;{}&apos;, contextCustomizers = set[[empty]], contextLoader = &apos;org.springframework.test.context.support.DelegatingSmartContextLoader&apos;, parent = [null]].]
[23:22:09.033] [DEBUG] [main] [org.springframework.test.context.support.AbstractGenericContextLoader] [Loading ApplicationContext for merged context configuration [[MergedContextConfiguration@1e4a7dd4 testClass = CrowdTest, locations = &apos;{classpath:spring-persist-mybatis.xml}&apos;, classes = &apos;{}&apos;, contextInitializerClasses = &apos;[]&apos;, activeProfiles = &apos;{}&apos;, propertySourceLocations = &apos;{}&apos;, propertySourceProperties = &apos;{}&apos;, contextCustomizers = set[[empty]], contextLoader = &apos;org.springframework.test.context.support.DelegatingSmartContextLoader&apos;, parent = [null]]].]
[23:22:09.067] [DEBUG] [main] [org.springframework.core.env.StandardEnvironment] [Adding PropertySource &apos;systemProperties&apos; with lowest search precedence]
[23:22:09.069] [DEBUG] [main] [org.springframework.core.env.StandardEnvironment] [Adding PropertySource &apos;systemEnvironment&apos; with lowest search precedence]
[23:22:09.069] [DEBUG] [main] [org.springframework.core.env.StandardEnvironment] [Initialized StandardEnvironment with PropertySources [MapPropertySource@1002191352 {name=&apos;systemProperties&apos;, properties={java.runtime.name=Java(TM) SE Runtime Environment, sun.boot.library.path=C:\Program Files\Java\jdk1.8.0_171\jre\bin, java.vm.version=25.171-b11, java.vm.vendor=Oracle Corporation, java.vendor.url=http://java.oracle.com/, path.separator=;, java.vm.name=Java HotSpot(TM) 64-Bit Server VM, file.encoding.pkg=sun.io, user.country=CN, user.script=, sun.java.launcher=SUN_STANDARD, sun.os.patch.level=, java.vm.specification.name=Java Virtual Machine Specification, user.dir=E:\work\atcrowdfunding01-admin-parent\atcrowdfunding02-admin-webui, java.runtime.version=1.8.0_171-b11, basedir=E:\work\atcrowdfunding01-admin-parent\atcrowdfunding02-admin-webui, java.awt.graphicsenv=sun.awt.Win32GraphicsEnvironment, java.endorsed.dirs=C:\Program Files\Java\jdk1.8.0_171\jre\lib\endorsed, os.arch=amd64, surefire.real.class.path=E:\work\atcrowdfunding01-admin-parent\atcrowdfunding02-admin-webui\target\surefire\surefirebooter4134564494061236761.jar, java.io.tmpdir=C:\Users\ADMINI~1\AppData\Local\Temp\, line.separator=
, java.vm.specification.vendor=Oracle Corporation, user.variant=, os.name=Windows 10, sun.jnu.encoding=GBK, java.library.path=C:\Program Files\Java\jdk1.8.0_171\jre\bin;C:\WINDOWS\Sun\Java\bin;C:\WINDOWS\system32;C:\WINDOWS;C:\Program Files (x86)\Intel\iCLS Client\;C:\Program Files\Intel\iCLS Client\;C:\Program Files (x86)\Common Files\Oracle\Java\javapath;C:\WINDOWS\system32;C:\WINDOWS;C:\WINDOWS\System32\Wbem;C:\WINDOWS\System32\WindowsPowerShell\v1.0\;C:\WINDOWS\System32\OpenSSH\;C:\Program Files\Java\jre1.8.0_231\bin;C:\Program Files (x86)\Intel\Intel(R) Management Engine Components\DAL;C:\Program Files\Intel\Intel(R) Management Engine Components\DAL;C:\Program Files (x86)\Intel\Intel(R) Management Engine Components\IPT;C:\Program Files\Intel\Intel(R) Management Engine Components\IPT;E:\mysql\mysql-5.6.43-winx64\bin;C:\ProgramData\chocolatey\bin;E:\nvm;E:\node;E:\nginx\nginx-1.12.2;E:\apache-ant-1.9.14\bin;C:\Program Files (x86)\NVIDIA Corporation\PhysX\Common;C:\rabbit\rabbitmq_server-3.8.6\sbin;C:\Program Files\erl10.7\bin;E:\nvm\v10.14.0;C:\Program Files\Git\cmd;C:\Program Files\TortoiseGit\bin;C:\Users\Administrator\.cargo\bin;C:\Users\Administrator\AppData\Local\Microsoft\WindowsApps;C:\Program Files\Bandizip\;E:\maven2\apache-maven-3.6.3\bin;C:\Users\Administrator\AppData\Local\GitHubDesktop\bin;., surefire.test.class.path=E:\work\atcrowdfunding01-admin-parent\atcrowdfunding02-admin-webui\target\test-classes;E:\work\atcrowdfunding01-admin-parent\atcrowdfunding02-admin-webui\target\classes;E:\maven\repo1\com\atguigu\crowd\atcrowdfunding03-admin-component\1.0-SNAPSHOT\atcrowdfunding03-admin-component-1.0-SNAPSHOT.jar;E:\maven\repo1\com\atguigu\crowd\atcrowdfunding04-admin-entity\1.0-SNAPSHOT\atcrowdfunding04-admin-entity-1.0-SNAPSHOT.jar;E:\maven\repo1\com\atguigu\crowd\atcrowdfunding05-common-util\1.0-SNAPSHOT\atcrowdfunding05-common-util-1.0-SNAPSHOT.jar;E:\maven\repo1\com\alibaba\fastjson\1.2.15\fastjson-1.2.15.jar;E:\maven\repo1\org\apache\httpcomponents\httpclient\4.5.9\httpclient-4.5.9.jar;E:\maven\repo1\org\apache\httpcomponents\httpcore\4.4.11\httpcore-4.4.11.jar;E:\maven\repo1\commons-logging\commons-logging\1.2\commons-logging-1.2.jar;E:\maven\repo1\commons-codec\commons-codec\1.11\commons-codec-1.11.jar;E:\maven\repo1\org\eclipse\jetty\jetty-util\9.4.19.v20190610\jetty-util-9.4.19.v20190610.jar;E:\maven\repo1\commons-lang\commons-lang\2.6\commons-lang-2.6.jar;E:\maven\repo1\com\aliyun\oss\aliyun-sdk-oss\3.5.0\aliyun-sdk-oss-3.5.0.jar;E:\maven\repo1\org\jdom\jdom\1.1\jdom-1.1.jar;E:\maven\repo1\org\codehaus\jettison\jettison\1.1\jettison-1.1.jar;E:\maven\repo1\stax\stax-api\1.0.1\stax-api-1.0.1.jar;E:\maven\repo1\com\aliyun\aliyun-java-sdk-core\3.4.0\aliyun-java-sdk-core-3.4.0.jar;E:\maven\repo1\com\aliyun\aliyun-java-sdk-ram\3.0.0\aliyun-java-sdk-ram-3.0.0.jar;E:\maven\repo1\com\aliyun\aliyun-java-sdk-sts\3.0.0\aliyun-java-sdk-sts-3.0.0.jar;E:\maven\repo1\com\aliyun\aliyun-java-sdk-ecs\4.2.0\aliyun-java-sdk-ecs-4.2.0.jar;E:\maven\repo1\org\springframework\spring-orm\4.3.20.RELEASE\spring-orm-4.3.20.RELEASE.jar;E:\maven\repo1\org\springframework\spring-beans\4.3.20.RELEASE\spring-beans-4.3.20.RELEASE.jar;E:\maven\repo1\org\springframework\spring-jdbc\4.3.20.RELEASE\spring-jdbc-4.3.20.RELEASE.jar;E:\maven\repo1\org\springframework\spring-tx\4.3.20.RELEASE\spring-tx-4.3.20.RELEASE.jar;E:\maven\repo1\org\springframework\spring-webmvc\4.3.20.RELEASE\spring-webmvc-4.3.20.RELEASE.jar;E:\maven\repo1\org\springframework\spring-aop\4.3.20.RELEASE\spring-aop-4.3.20.RELEASE.jar;E:\maven\repo1\org\springframework\spring-context\4.3.20.RELEASE\spring-context-4.3.20.RELEASE.jar;E:\maven\repo1\org\springframework\spring-expression\4.3.20.RELEASE\spring-expression-4.3.20.RELEASE.jar;E:\maven\repo1\org\springframework\spring-web\4.3.20.RELEASE\spring-web-4.3.20.RELEASE.jar;E:\maven\repo1\org\aspectj\aspectjweaver\1.9.2\aspectjweaver-1.9.2.jar;E:\maven\repo1\cglib\cglib\2.2\cglib-2.2.jar;E:\maven\repo1\asm\asm\3.1\asm-3.1.jar;E:\maven\repo1\mysql\mysql-connector-java\5.1.3\mysql-connector-java-5.1.3.jar;E:\maven\repo1\com\alibaba\druid\1.0.31\druid-1.0.31.jar;C:\Program Files\Java\jdk1.8.0_171\jre\..\lib\jconsole.jar;C:\Program Files\Java\jdk1.8.0_171\jre\..\lib\tools.jar;E:\maven\repo1\org\mybatis\mybatis\3.2.8\mybatis-3.2.8.jar;E:\maven\repo1\org\mybatis\mybatis-spring\1.2.2\mybatis-spring-1.2.2.jar;E:\maven\repo1\com\github\pagehelper\pagehelper\4.0.0\pagehelper-4.0.0.jar;E:\maven\repo1\com\github\jsqlparser\jsqlparser\0.9.1\jsqlparser-0.9.1.jar;E:\maven\repo1\org\slf4j\slf4j-api\1.7.7\slf4j-api-1.7.7.jar;E:\maven\repo1\ch\qos\logback\logback-classic\1.2.3\logback-classic-1.2.3.jar;E:\maven\repo1\ch\qos\logback\logback-core\1.2.3\logback-core-1.2.3.jar;E:\maven\repo1\org\slf4j\jcl-over-slf4j\1.7.25\jcl-over-slf4j-1.7.25.jar;E:\maven\repo1\com\fasterxml\jackson\core\jackson-core\2.9.8\jackson-core-2.9.8.jar;E:\maven\repo1\com\fasterxml\jackson\core\jackson-databind\2.9.8\jackson-databind-2.9.8.jar;E:\maven\repo1\com\fasterxml\jackson\core\jackson-annotations\2.9.0\jackson-annotations-2.9.0.jar;E:\maven\repo1\jstl\jstl\1.2\jstl-1.2.jar;E:\maven\repo1\com\google\code\gson\gson\2.8.5\gson-2.8.5.jar;E:\maven\repo1\org\springframework\spring-test\4.3.20.RELEASE\spring-test-4.3.20.RELEASE.jar;E:\maven\repo1\org\springframework\spring-core\4.3.20.RELEASE\spring-core-4.3.20.RELEASE.jar;E:\maven\repo1\junit\junit\4.12\junit-4.12.jar;E:\maven\repo1\org\hamcrest\hamcrest-core\1.3\hamcrest-core-1.3.jar;E:\maven\repo1\javax\servlet\servlet-api\2.5\servlet-api-2.5.jar;E:\maven\repo1\javax\servlet\jsp\jsp-api\2.1.3-b06\jsp-api-2.1.3-b06.jar;E:\maven\repo1\org\glassfish\javax.servlet\3.0-b70\javax.servlet-3.0-b70.jar;E:\maven\repo1\javax\el\el-api\2.1.2-b05\el-api-2.1.2-b05.jar;, java.specification.name=Java Platform API Specification, java.class.version=52.0, sun.management.compiler=HotSpot 64-Bit Tiered Compilers, os.version=10.0, user.home=C:\Users\Administrator, user.timezone=Asia/Shanghai, java.awt.printerjob=sun.awt.windows.WPrinterJob, file.encoding=GBK, java.specification.version=1.8, java.class.path=E:\work\atcrowdfunding01-admin-parent\atcrowdfunding02-admin-webui\target\test-classes;E:\work\atcrowdfunding01-admin-parent\atcrowdfunding02-admin-webui\target\classes;E:\maven\repo1\com\atguigu\crowd\atcrowdfunding03-admin-component\1.0-SNAPSHOT\atcrowdfunding03-admin-component-1.0-SNAPSHOT.jar;E:\maven\repo1\com\atguigu\crowd\atcrowdfunding04-admin-entity\1.0-SNAPSHOT\atcrowdfunding04-admin-entity-1.0-SNAPSHOT.jar;E:\maven\repo1\com\atguigu\crowd\atcrowdfunding05-common-util\1.0-SNAPSHOT\atcrowdfunding05-common-util-1.0-SNAPSHOT.jar;E:\maven\repo1\com\alibaba\fastjson\1.2.15\fastjson-1.2.15.jar;E:\maven\repo1\org\apache\httpcomponents\httpclient\4.5.9\httpclient-4.5.9.jar;E:\maven\repo1\org\apache\httpcomponents\httpcore\4.4.11\httpcore-4.4.11.jar;E:\maven\repo1\commons-logging\commons-logging\1.2\commons-logging-1.2.jar;E:\maven\repo1\commons-codec\commons-codec\1.11\commons-codec-1.11.jar;E:\maven\repo1\org\eclipse\jetty\jetty-util\9.4.19.v20190610\jetty-util-9.4.19.v20190610.jar;E:\maven\repo1\commons-lang\commons-lang\2.6\commons-lang-2.6.jar;E:\maven\repo1\com\aliyun\oss\aliyun-sdk-oss\3.5.0\aliyun-sdk-oss-3.5.0.jar;E:\maven\repo1\org\jdom\jdom\1.1\jdom-1.1.jar;E:\maven\repo1\org\codehaus\jettison\jettison\1.1\jettison-1.1.jar;E:\maven\repo1\stax\stax-api\1.0.1\stax-api-1.0.1.jar;E:\maven\repo1\com\aliyun\aliyun-java-sdk-core\3.4.0\aliyun-java-sdk-core-3.4.0.jar;E:\maven\repo1\com\aliyun\aliyun-java-sdk-ram\3.0.0\aliyun-java-sdk-ram-3.0.0.jar;E:\maven\repo1\com\aliyun\aliyun-java-sdk-sts\3.0.0\aliyun-java-sdk-sts-3.0.0.jar;E:\maven\repo1\com\aliyun\aliyun-java-sdk-ecs\4.2.0\aliyun-java-sdk-ecs-4.2.0.jar;E:\maven\repo1\org\springframework\spring-orm\4.3.20.RELEASE\spring-orm-4.3.20.RELEASE.jar;E:\maven\repo1\org\springframework\spring-beans\4.3.20.RELEASE\spring-beans-4.3.20.RELEASE.jar;E:\maven\repo1\org\springframework\spring-jdbc\4.3.20.RELEASE\spring-jdbc-4.3.20.RELEASE.jar;E:\maven\repo1\org\springframework\spring-tx\4.3.20.RELEASE\spring-tx-4.3.20.RELEASE.jar;E:\maven\repo1\org\springframework\spring-webmvc\4.3.20.RELEASE\spring-webmvc-4.3.20.RELEASE.jar;E:\maven\repo1\org\springframework\spring-aop\4.3.20.RELEASE\spring-aop-4.3.20.RELEASE.jar;E:\maven\repo1\org\springframework\spring-context\4.3.20.RELEASE\spring-context-4.3.20.RELEASE.jar;E:\maven\repo1\org\springframework\spring-expression\4.3.20.RELEASE\spring-expression-4.3.20.RELEASE.jar;E:\maven\repo1\org\springframework\spring-web\4.3.20.RELEASE\spring-web-4.3.20.RELEASE.jar;E:\maven\repo1\org\aspectj\aspectjweaver\1.9.2\aspectjweaver-1.9.2.jar;E:\maven\repo1\cglib\cglib\2.2\cglib-2.2.jar;E:\maven\repo1\asm\asm\3.1\asm-3.1.jar;E:\maven\repo1\mysql\mysql-connector-java\5.1.3\mysql-connector-java-5.1.3.jar;E:\maven\repo1\com\alibaba\druid\1.0.31\druid-1.0.31.jar;C:\Program Files\Java\jdk1.8.0_171\jre\..\lib\jconsole.jar;C:\Program Files\Java\jdk1.8.0_171\jre\..\lib\tools.jar;E:\maven\repo1\org\mybatis\mybatis\3.2.8\mybatis-3.2.8.jar;E:\maven\repo1\org\mybatis\mybatis-spring\1.2.2\mybatis-spring-1.2.2.jar;E:\maven\repo1\com\github\pagehelper\pagehelper\4.0.0\pagehelper-4.0.0.jar;E:\maven\repo1\com\github\jsqlparser\jsqlparser\0.9.1\jsqlparser-0.9.1.jar;E:\maven\repo1\org\slf4j\slf4j-api\1.7.7\slf4j-api-1.7.7.jar;E:\maven\repo1\ch\qos\logback\logback-classic\1.2.3\logback-classic-1.2.3.jar;E:\maven\repo1\ch\qos\logback\logback-core\1.2.3\logback-core-1.2.3.jar;E:\maven\repo1\org\slf4j\jcl-over-slf4j\1.7.25\jcl-over-slf4j-1.7.25.jar;E:\maven\repo1\com\fasterxml\jackson\core\jackson-core\2.9.8\jackson-core-2.9.8.jar;E:\maven\repo1\com\fasterxml\jackson\core\jackson-databind\2.9.8\jackson-databind-2.9.8.jar;E:\maven\repo1\com\fasterxml\jackson\core\jackson-annotations\2.9.0\jackson-annotations-2.9.0.jar;E:\maven\repo1\jstl\jstl\1.2\jstl-1.2.jar;E:\maven\repo1\com\google\code\gson\gson\2.8.5\gson-2.8.5.jar;E:\maven\repo1\org\springframework\spring-test\4.3.20.RELEASE\spring-test-4.3.20.RELEASE.jar;E:\maven\repo1\org\springframework\spring-core\4.3.20.RELEASE\spring-core-4.3.20.RELEASE.jar;E:\maven\repo1\junit\junit\4.12\junit-4.12.jar;E:\maven\repo1\org\hamcrest\hamcrest-core\1.3\hamcrest-core-1.3.jar;E:\maven\repo1\javax\servlet\servlet-api\2.5\servlet-api-2.5.jar;E:\maven\repo1\javax\servlet\jsp\jsp-api\2.1.3-b06\jsp-api-2.1.3-b06.jar;E:\maven\repo1\org\glassfish\javax.servlet\3.0-b70\javax.servlet-3.0-b70.jar;E:\maven\repo1\javax\el\el-api\2.1.2-b05\el-api-2.1.2-b05.jar;, user.name=Administrator, java.vm.specification.version=1.8, sun.java.command=E:\work\atcrowdfunding01-admin-parent\atcrowdfunding02-admin-webui\target\surefire\surefirebooter4134564494061236761.jar E:\work\atcrowdfunding01-admin-parent\atcrowdfunding02-admin-webui\target\surefire\surefire1514770593990257158tmp E:\work\atcrowdfunding01-admin-parent\atcrowdfunding02-admin-webui\target\surefire\surefire_08172596603642729167tmp, java.home=C:\Program Files\Java\jdk1.8.0_171\jre, sun.arch.data.model=64, user.language=zh, java.specification.vendor=Oracle Corporation, idea.version2020.1.2=true, awt.toolkit=sun.awt.windows.WToolkit, java.vm.info=mixed mode, java.version=1.8.0_171, java.ext.dirs=C:\Program Files\Java\jdk1.8.0_171\jre\lib\ext;C:\WINDOWS\Sun\Java\lib\ext, sun.boot.class.path=C:\Program Files\Java\jdk1.8.0_171\jre\lib\resources.jar;C:\Program Files\Java\jdk1.8.0_171\jre\lib\rt.jar;C:\Program Files\Java\jdk1.8.0_171\jre\lib\sunrsasign.jar;C:\Program Files\Java\jdk1.8.0_171\jre\lib\jsse.jar;C:\Program Files\Java\jdk1.8.0_171\jre\lib\jce.jar;C:\Program Files\Java\jdk1.8.0_171\jre\lib\charsets.jar;C:\Program Files\Java\jdk1.8.0_171\jre\lib\jfr.jar;C:\Program Files\Java\jdk1.8.0_171\jre\classes, java.vendor=Oracle Corporation, localRepository=E:\maven\repo1, file.separator=\, java.vendor.url.bug=http://bugreport.sun.com/bugreport/, sun.io.unicode.encoding=UnicodeLittle, sun.cpu.endian=little, sun.desktop=windows, sun.cpu.isalist=amd64}}, SystemEnvironmentPropertySource@1256440269 {name=&apos;systemEnvironment&apos;, properties={PATH=C:\Program Files (x86)\Intel\iCLS Client\;C:\Program Files\Intel\iCLS Client\;C:\Program Files (x86)\Common Files\Oracle\Java\javapath;C:\WINDOWS\system32;C:\WINDOWS;C:\WINDOWS\System32\Wbem;C:\WINDOWS\System32\WindowsPowerShell\v1.0\;C:\WINDOWS\System32\OpenSSH\;C:\Program Files\Java\jre1.8.0_231\bin;C:\Program Files (x86)\Intel\Intel(R) Management Engine Components\DAL;C:\Program Files\Intel\Intel(R) Management Engine Components\DAL;C:\Program Files (x86)\Intel\Intel(R) Management Engine Components\IPT;C:\Program Files\Intel\Intel(R) Management Engine Components\IPT;E:\mysql\mysql-5.6.43-winx64\bin;C:\ProgramData\chocolatey\bin;E:\nvm;E:\node;E:\nginx\nginx-1.12.2;E:\apache-ant-1.9.14\bin;C:\Program Files (x86)\NVIDIA Corporation\PhysX\Common;C:\rabbit\rabbitmq_server-3.8.6\sbin;C:\Program Files\erl10.7\bin;E:\nvm\v10.14.0;C:\Program Files\Git\cmd;C:\Program Files\TortoiseGit\bin;C:\Users\Administrator\.cargo\bin;C:\Users\Administrator\AppData\Local\Microsoft\WindowsApps;C:\Program Files\Bandizip\;E:\maven2\apache-maven-3.6.3\bin;C:\Users\Administrator\AppData\Local\GitHubDesktop\bin, USERDOMAIN_ROAMINGPROFILE=���ӽ�, PROCESSOR_LEVEL=6, SYSTEMDRIVE=C:, SESSIONNAME=Console, ALLUSERSPROFILE=C:\ProgramData, PROCESSOR_ARCHITECTURE=AMD64, DRIVERDATA=C:\Windows\System32\Drivers\DriverData, =E:=E:\work\atcrowdfunding01-admin-parent\atcrowdfunding02-admin-webui, PROGRAMFILES=C:\Program Files, PSMODULEPATH=C:\Program Files\WindowsPowerShell\Modules;C:\WINDOWS\system32\WindowsPowerShell\v1.0\Modules, PROGRAMDATA=C:\ProgramData, CHOCOLATEYLASTPATHUPDATE=132218432993919314, USERNAME=Administrator, FPS_BROWSER_USER_PROFILE_STRING=Default, ONEDRIVE=C:\Users\Administrator\OneDrive, PATHEXT=.COM;.EXE;.BAT;.CMD;.VBS;.VBE;.JS;.JSE;.WSF;.WSH;.MSC, ONEDRIVECONSUMER=C:\Users\Administrator\OneDrive, WINDIR=C:\WINDOWS, HOMEPATH=\Users\Administrator, MYSQL_HOME=E:\mysql\mysql-5.6.43-winx64, PROCESSOR_IDENTIFIER=Intel64 Family 6 Model 158 Stepping 9, GenuineIntel, PUBLIC=C:\Users\Public, NGINX_HOME=E:\nginx\nginx-1.12.2, =::=::\, LOCALAPPDATA=C:\Users\Administrator\AppData\Local, COMMONPROGRAMFILES(X86)=C:\Program Files (x86)\Common Files, USERDOMAIN=���ӽ�, FPS_BROWSER_APP_PROFILE_STRING=Internet Explorer, LOGONSERVER=\\���ӽ�, JAVA_HOME=C:\Program Files\Java\jre1.8.0_231, PROMPT=$P$G, PROGRAMFILES(X86)=C:\Program Files (x86), ANT_HOME=E:\apache-ant-1.9.14, ERLANG_HOME=C:\Program Files\erl10.7, APPDATA=C:\Users\Administrator\AppData\Roaming, PROGRAMW6432=C:\Program Files, SYSTEMROOT=C:\WINDOWS, CHOCOLATEYINSTALL=C:\ProgramData\chocolatey, MAVEN-HOME=E:\maven2\apache-maven-3.6.3, OS=Windows_NT, COMMONPROGRAMW6432=C:\Program Files\Common Files, COMPUTERNAME=���ӽ�, COMMONPROGRAMFILES=C:\Program Files\Common Files, COMSPEC=C:\WINDOWS\system32\cmd.exe, PROCESSOR_REVISION=9e09, RABBITMQ_HOME=C:\rabbit\rabbitmq_server-3.8.6, TEMP=C:\Users\ADMINI~1\AppData\Local\Temp, HOMEDRIVE=C:, USERPROFILE=C:\Users\Administrator, TMP=C:\Users\ADMINI~1\AppData\Local\Temp, NUMBER_OF_PROCESSORS=8, IDEA_INITIAL_DIRECTORY=C:\Users\Administrator\Desktop}}]]
[23:22:09.071] [DEBUG] [main] [org.springframework.core.env.StandardEnvironment] [Activating profiles []]
[23:22:09.079] [INFO ] [main] [org.springframework.beans.factory.xml.XmlBeanDefinitionReader] [Loading XML bean definitions from class path resource [spring-persist-mybatis.xml]]
[23:22:09.084] [DEBUG] [main] [org.springframework.beans.factory.xml.DefaultDocumentLoader] [Using JAXP provider [com.sun.org.apache.xerces.internal.jaxp.DocumentBuilderFactoryImpl]]
[23:22:09.105] [DEBUG] [main] [org.springframework.beans.factory.xml.PluggableSchemaResolver] [Loading schema mappings from [META-INF/spring.schemas]]
[23:22:09.107] [DEBUG] [main] [org.springframework.beans.factory.xml.PluggableSchemaResolver] [Loaded schema mappings: {http://www.springframework.org/schema/tx/spring-tx-2.5.xsd=org/springframework/transaction/config/spring-tx-2.5.xsd, http://www.springframework.org/schema/tx/spring-tx-4.3.xsd=org/springframework/transaction/config/spring-tx-4.3.xsd, http://www.springframework.org/schema/cache/spring-cache-4.2.xsd=org/springframework/cache/config/spring-cache-4.2.xsd, http://www.springframework.org/schema/aop/spring-aop-4.1.xsd=org/springframework/aop/config/spring-aop-4.1.xsd, http://www.springframework.org/schema/context/spring-context-3.1.xsd=org/springframework/context/config/spring-context-3.1.xsd, http://www.springframework.org/schema/jdbc/spring-jdbc-4.1.xsd=org/springframework/jdbc/config/spring-jdbc-4.1.xsd, http://www.springframework.org/schema/util/spring-util-3.0.xsd=org/springframework/beans/factory/xml/spring-util-3.0.xsd, http://www.springframework.org/schema/mvc/spring-mvc-4.1.xsd=org/springframework/web/servlet/config/spring-mvc-4.1.xsd, http://mybatis.org/schema/mybatis-spring-1.2.xsd=org/mybatis/spring/config/mybatis-spring-1.2.xsd, http://www.springframework.org/schema/tool/spring-tool.xsd=org/springframework/beans/factory/xml/spring-tool-4.3.xsd, http://www.springframework.org/schema/aop/spring-aop-3.2.xsd=org/springframework/aop/config/spring-aop-3.2.xsd, http://www.springframework.org/schema/lang/spring-lang-4.1.xsd=org/springframework/scripting/config/spring-lang-4.1.xsd, http://www.springframework.org/schema/context/spring-context-4.0.xsd=org/springframework/context/config/spring-context-4.0.xsd, http://www.springframework.org/schema/mvc/spring-mvc-3.2.xsd=org/springframework/web/servlet/config/spring-mvc-3.2.xsd, http://www.springframework.org/schema/beans/spring-beans-4.2.xsd=org/springframework/beans/factory/xml/spring-beans-4.2.xsd, http://www.springframework.org/schema/tool/spring-tool-4.1.xsd=org/springframework/beans/factory/xml/spring-tool-4.1.xsd, http://www.springframework.org/schema/lang/spring-lang-3.2.xsd=org/springframework/scripting/config/spring-lang-3.2.xsd, http://www.springframework.org/schema/cache/spring-cache-3.2.xsd=org/springframework/cache/config/spring-cache-3.2.xsd, http://www.springframework.org/schema/jee/spring-jee-4.1.xsd=org/springframework/ejb/config/spring-jee-4.1.xsd, http://www.springframework.org/schema/jdbc/spring-jdbc-3.1.xsd=org/springframework/jdbc/config/spring-jdbc-3.1.xsd, http://www.springframework.org/schema/task/spring-task-4.2.xsd=org/springframework/scheduling/config/spring-task-4.2.xsd, http://www.springframework.org/schema/util/spring-util-2.0.xsd=org/springframework/beans/factory/xml/spring-util-2.0.xsd, http://www.springframework.org/schema/context/spring-context.xsd=org/springframework/context/config/spring-context-4.3.xsd, http://www.springframework.org/schema/tool/spring-tool-3.2.xsd=org/springframework/beans/factory/xml/spring-tool-3.2.xsd, http://www.springframework.org/schema/tx/spring-tx-4.2.xsd=org/springframework/transaction/config/spring-tx-4.2.xsd, http://www.springframework.org/schema/cache/spring-cache-4.1.xsd=org/springframework/cache/config/spring-cache-4.1.xsd, http://www.springframework.org/schema/aop/spring-aop-4.0.xsd=org/springframework/aop/config/spring-aop-4.0.xsd, http://www.springframework.org/schema/jee/spring-jee-3.2.xsd=org/springframework/ejb/config/spring-jee-3.2.xsd, http://www.springframework.org/schema/context/spring-context-3.0.xsd=org/springframework/context/config/spring-context-3.0.xsd, http://www.springframework.org/schema/jdbc/spring-jdbc-4.0.xsd=org/springframework/jdbc/config/spring-jdbc-4.0.xsd, http://www.springframework.org/schema/util/spring-util-2.5.xsd=org/springframework/beans/factory/xml/spring-util-2.5.xsd, http://www.springframework.org/schema/mvc/spring-mvc-4.0.xsd=org/springframework/web/servlet/config/spring-mvc-4.0.xsd, http://www.springframework.org/schema/util/spring-util-4.3.xsd=org/springframework/beans/factory/xml/spring-util-4.3.xsd, http://www.springframework.org/schema/beans/spring-beans-3.2.xsd=org/springframework/beans/factory/xml/spring-beans-3.2.xsd, http://www.springframework.org/schema/aop/spring-aop-3.1.xsd=org/springframework/aop/config/spring-aop-3.1.xsd, http://www.springframework.org/schema/lang/spring-lang-4.0.xsd=org/springframework/scripting/config/spring-lang-4.0.xsd, http://www.springframework.org/schema/mvc/spring-mvc.xsd=org/springframework/web/servlet/config/spring-mvc-4.3.xsd, http://www.springframework.org/schema/mvc/spring-mvc-3.1.xsd=org/springframework/web/servlet/config/spring-mvc-3.1.xsd, http://www.springframework.org/schema/beans/spring-beans-4.1.xsd=org/springframework/beans/factory/xml/spring-beans-4.1.xsd, http://www.springframework.org/schema/tool/spring-tool-4.0.xsd=org/springframework/beans/factory/xml/spring-tool-4.0.xsd, http://www.springframework.org/schema/lang/spring-lang-3.1.xsd=org/springframework/scripting/config/spring-lang-3.1.xsd, http://www.springframework.org/schema/tx/spring-tx-3.2.xsd=org/springframework/transaction/config/spring-tx-3.2.xsd, http://www.springframework.org/schema/cache/spring-cache-3.1.xsd=org/springframework/cache/config/spring-cache-3.1.xsd, http://www.springframework.org/schema/jee/spring-jee-4.0.xsd=org/springframework/ejb/config/spring-jee-4.0.xsd, http://www.springframework.org/schema/jdbc/spring-jdbc-3.0.xsd=org/springframework/jdbc/config/spring-jdbc-3.0.xsd, http://www.springframework.org/schema/task/spring-task-4.1.xsd=org/springframework/scheduling/config/spring-task-4.1.xsd, http://www.springframework.org/schema/jdbc/spring-jdbc.xsd=org/springframework/jdbc/config/spring-jdbc-4.3.xsd, http://www.springframework.org/schema/tool/spring-tool-3.1.xsd=org/springframework/beans/factory/xml/spring-tool-3.1.xsd, http://www.springframework.org/schema/tx/spring-tx-4.1.xsd=org/springframework/transaction/config/spring-tx-4.1.xsd, http://www.springframework.org/schema/cache/spring-cache-4.0.xsd=org/springframework/cache/config/spring-cache-4.0.xsd, http://www.springframework.org/schema/jee/spring-jee-3.1.xsd=org/springframework/ejb/config/spring-jee-3.1.xsd, http://www.springframework.org/schema/task/spring-task-3.2.xsd=org/springframework/scheduling/config/spring-task-3.2.xsd, http://www.springframework.org/schema/util/spring-util-4.2.xsd=org/springframework/beans/factory/xml/spring-util-4.2.xsd, http://www.springframework.org/schema/beans/spring-beans-3.1.xsd=org/springframework/beans/factory/xml/spring-beans-3.1.xsd, http://www.springframework.org/schema/util/spring-util.xsd=org/springframework/beans/factory/xml/spring-util-4.3.xsd, http://www.springframework.org/schema/aop/spring-aop-3.0.xsd=org/springframework/aop/config/spring-aop-3.0.xsd, http://www.springframework.org/schema/mvc/spring-mvc-3.0.xsd=org/springframework/web/servlet/config/spring-mvc-3.0.xsd, http://www.springframework.org/schema/beans/spring-beans-4.0.xsd=org/springframework/beans/factory/xml/spring-beans-4.0.xsd, http://www.springframework.org/schema/beans/spring-beans.xsd=org/springframework/beans/factory/xml/spring-beans-4.3.xsd, http://mybatis.org/schema/mybatis-spring.xsd=org/mybatis/spring/config/mybatis-spring-1.2.xsd, http://www.springframework.org/schema/lang/spring-lang-3.0.xsd=org/springframework/scripting/config/spring-lang-3.0.xsd, http://www.springframework.org/schema/tx/spring-tx-3.1.xsd=org/springframework/transaction/config/spring-tx-3.1.xsd, http://www.springframework.org/schema/context/spring-context-4.3.xsd=org/springframework/context/config/spring-context-4.3.xsd, http://www.springframework.org/schema/context/spring-context-2.5.xsd=org/springframework/context/config/spring-context-2.5.xsd, http://www.springframework.org/schema/task/spring-task-4.0.xsd=org/springframework/scheduling/config/spring-task-4.0.xsd, http://www.springframework.org/schema/tool/spring-tool-3.0.xsd=org/springframework/beans/factory/xml/spring-tool-3.0.xsd, http://www.springframework.org/schema/tx/spring-tx-4.0.xsd=org/springframework/transaction/config/spring-tx-4.0.xsd, http://www.springframework.org/schema/aop/spring-aop-2.0.xsd=org/springframework/aop/config/spring-aop-2.0.xsd, http://www.springframework.org/schema/jee/spring-jee-3.0.xsd=org/springframework/ejb/config/spring-jee-3.0.xsd, http://www.springframework.org/schema/task/spring-task-3.1.xsd=org/springframework/scheduling/config/spring-task-3.1.xsd, http://www.springframework.org/schema/util/spring-util-4.1.xsd=org/springframework/beans/factory/xml/spring-util-4.1.xsd, http://www.springframework.org/schema/beans/spring-beans-3.0.xsd=org/springframework/beans/factory/xml/spring-beans-3.0.xsd, http://www.springframework.org/schema/jee/spring-jee.xsd=org/springframework/ejb/config/spring-jee-4.3.xsd, http://www.springframework.org/schema/aop/spring-aop-2.5.xsd=org/springframework/aop/config/spring-aop-2.5.xsd, http://www.springframework.org/schema/aop/spring-aop-4.3.xsd=org/springframework/aop/config/spring-aop-4.3.xsd, http://www.springframework.org/schema/lang/spring-lang-2.0.xsd=org/springframework/scripting/config/spring-lang-2.0.xsd, http://www.springframework.org/schema/jdbc/spring-jdbc-4.3.xsd=org/springframework/jdbc/config/spring-jdbc-4.3.xsd, http://www.springframework.org/schema/mvc/spring-mvc-4.3.xsd=org/springframework/web/servlet/config/spring-mvc-4.3.xsd, http://www.springframework.org/schema/util/spring-util-3.2.xsd=org/springframework/beans/factory/xml/spring-util-3.2.xsd, http://www.springframework.org/schema/task/spring-task.xsd=org/springframework/scheduling/config/spring-task-4.3.xsd, http://www.springframework.org/schema/tool/spring-tool-2.0.xsd=org/springframework/beans/factory/xml/spring-tool-2.0.xsd, http://www.springframework.org/schema/lang/spring-lang-4.3.xsd=org/springframework/scripting/config/spring-lang-4.3.xsd, http://www.springframework.org/schema/lang/spring-lang-2.5.xsd=org/springframework/scripting/config/spring-lang-2.5.xsd, http://www.springframework.org/schema/tx/spring-tx-3.0.xsd=org/springframework/transaction/config/spring-tx-3.0.xsd, http://www.springframework.org/schema/context/spring-context-4.2.xsd=org/springframework/context/config/spring-context-4.2.xsd, http://www.springframework.org/schema/jee/spring-jee-2.0.xsd=org/springframework/ejb/config/spring-jee-2.0.xsd, http://www.springframework.org/schema/tool/spring-tool-4.3.xsd=org/springframework/beans/factory/xml/spring-tool-4.3.xsd, http://www.springframework.org/schema/tool/spring-tool-2.5.xsd=org/springframework/beans/factory/xml/spring-tool-2.5.xsd, http://www.springframework.org/schema/jee/spring-jee-4.3.xsd=org/springframework/ejb/config/spring-jee-4.3.xsd, http://www.springframework.org/schema/jee/spring-jee-2.5.xsd=org/springframework/ejb/config/spring-jee-2.5.xsd, http://www.springframework.org/schema/task/spring-task-3.0.xsd=org/springframework/scheduling/config/spring-task-3.0.xsd, http://www.springframework.org/schema/util/spring-util-4.0.xsd=org/springframework/beans/factory/xml/spring-util-4.0.xsd, http://www.springframework.org/schema/cache/spring-cache-4.3.xsd=org/springframework/cache/config/spring-cache-4.3.xsd, http://www.springframework.org/schema/aop/spring-aop-4.2.xsd=org/springframework/aop/config/spring-aop-4.2.xsd, http://www.springframework.org/schema/lang/spring-lang.xsd=org/springframework/scripting/config/spring-lang-4.3.xsd, http://www.springframework.org/schema/context/spring-context-3.2.xsd=org/springframework/context/config/spring-context-3.2.xsd, http://www.springframework.org/schema/jdbc/spring-jdbc-4.2.xsd=org/springframework/jdbc/config/spring-jdbc-4.2.xsd, http://www.springframework.org/schema/mvc/spring-mvc-4.2.xsd=org/springframework/web/servlet/config/spring-mvc-4.2.xsd, http://www.springframework.org/schema/util/spring-util-3.1.xsd=org/springframework/beans/factory/xml/spring-util-3.1.xsd, http://www.springframework.org/schema/beans/spring-beans-2.0.xsd=org/springframework/beans/factory/xml/spring-beans-2.0.xsd, http://www.springframework.org/schema/cache/spring-cache.xsd=org/springframework/cache/config/spring-cache-4.3.xsd, http://www.springframework.org/schema/tx/spring-tx.xsd=org/springframework/transaction/config/spring-tx-4.3.xsd, http://www.springframework.org/schema/lang/spring-lang-4.2.xsd=org/springframework/scripting/config/spring-lang-4.2.xsd, http://www.springframework.org/schema/context/spring-context-4.1.xsd=org/springframework/context/config/spring-context-4.1.xsd, http://www.springframework.org/schema/beans/spring-beans-2.5.xsd=org/springframework/beans/factory/xml/spring-beans-2.5.xsd, http://www.springframework.org/schema/beans/spring-beans-4.3.xsd=org/springframework/beans/factory/xml/spring-beans-4.3.xsd, http://www.springframework.org/schema/tool/spring-tool-4.2.xsd=org/springframework/beans/factory/xml/spring-tool-4.2.xsd, http://www.springframework.org/schema/tx/spring-tx-2.0.xsd=org/springframework/transaction/config/spring-tx-2.0.xsd, http://www.alibaba.com/schema/stat.xsd=META-INF/stat.xsd, http://www.springframework.org/schema/jee/spring-jee-4.2.xsd=org/springframework/ejb/config/spring-jee-4.2.xsd, http://www.springframework.org/schema/jdbc/spring-jdbc-3.2.xsd=org/springframework/jdbc/config/spring-jdbc-3.2.xsd, http://www.springframework.org/schema/task/spring-task-4.3.xsd=org/springframework/scheduling/config/spring-task-4.3.xsd, http://www.springframework.org/schema/aop/spring-aop.xsd=org/springframework/aop/config/spring-aop-4.3.xsd}]
[23:22:09.109] [DEBUG] [main] [org.springframework.beans.factory.xml.PluggableSchemaResolver] [Found XML schema [http://www.springframework.org/schema/beans/spring-beans.xsd] in classpath: org/springframework/beans/factory/xml/spring-beans-4.3.xsd]
[23:22:09.140] [DEBUG] [main] [org.springframework.beans.factory.xml.PluggableSchemaResolver] [Found XML schema [http://www.springframework.org/schema/context/spring-context-4.3.xsd] in classpath: org/springframework/context/config/spring-context-4.3.xsd]
[23:22:09.146] [DEBUG] [main] [org.springframework.beans.factory.xml.PluggableSchemaResolver] [Found XML schema [http://www.springframework.org/schema/tool/spring-tool-4.3.xsd] in classpath: org/springframework/beans/factory/xml/spring-tool-4.3.xsd]
[23:22:09.153] [DEBUG] [main] [org.springframework.beans.factory.xml.DefaultBeanDefinitionDocumentReader] [Loading bean definitions]
[23:22:09.160] [DEBUG] [main] [org.springframework.beans.factory.xml.DefaultNamespaceHandlerResolver] [Loading NamespaceHandler mappings from [META-INF/spring.handlers]]
[23:22:09.161] [DEBUG] [main] [org.springframework.beans.factory.xml.DefaultNamespaceHandlerResolver] [Loaded NamespaceHandler mappings: {http://www.springframework.org/schema/p=org.springframework.beans.factory.xml.SimplePropertyNamespaceHandler, http://www.springframework.org/schema/mvc=org.springframework.web.servlet.config.MvcNamespaceHandler, http://www.springframework.org/schema/util=org.springframework.beans.factory.xml.UtilNamespaceHandler, http://www.alibaba.com/schema/stat=com.alibaba.druid.support.spring.stat.config.DruidStatNamespaceHandler, http://www.springframework.org/schema/jee=org.springframework.ejb.config.JeeNamespaceHandler, http://www.springframework.org/schema/aop=org.springframework.aop.config.AopNamespaceHandler, http://www.springframework.org/schema/jdbc=org.springframework.jdbc.config.JdbcNamespaceHandler, http://www.springframework.org/schema/cache=org.springframework.cache.config.CacheNamespaceHandler, http://mybatis.org/schema/mybatis-spring=org.mybatis.spring.config.NamespaceHandler, http://www.springframework.org/schema/c=org.springframework.beans.factory.xml.SimpleConstructorNamespaceHandler, http://www.springframework.org/schema/tx=org.springframework.transaction.config.TxNamespaceHandler, http://www.springframework.org/schema/task=org.springframework.scheduling.config.TaskNamespaceHandler, http://www.springframework.org/schema/lang=org.springframework.scripting.config.LangNamespaceHandler, http://www.springframework.org/schema/context=org.springframework.context.config.ContextNamespaceHandler}]
[23:22:09.177] [DEBUG] [main] [org.springframework.beans.factory.xml.BeanDefinitionParserDelegate] [Neither XML &apos;id&apos; nor &apos;name&apos; specified - using generated bean name [com.github.pagehelper.PageHelper#419c5f1a]]
[23:22:09.177] [DEBUG] [main] [org.springframework.beans.factory.xml.XmlBeanDefinitionReader] [Loaded 4 bean definitions from location pattern [classpath:spring-persist-mybatis.xml]]
[23:22:09.189] [INFO ] [main] [org.springframework.context.support.GenericApplicationContext] [Refreshing org.springframework.context.support.GenericApplicationContext@7fad8c79: startup date [Thu Nov 26 23:22:09 CST 2020]; root of context hierarchy]
[23:22:09.189] [DEBUG] [main] [org.springframework.context.support.GenericApplicationContext] [Bean factory for org.springframework.context.support.GenericApplicationContext@7fad8c79: org.springframework.beans.factory.support.DefaultListableBeanFactory@7f552bd3: defining beans [org.springframework.context.support.PropertySourcesPlaceholderConfigurer#0,dataSource,sqlSessionFactoryBean,mapperScannerConfigurer,org.springframework.context.annotation.internalConfigurationAnnotationProcessor,org.springframework.context.annotation.internalAutowiredAnnotationProcessor,org.springframework.context.annotation.internalRequiredAnnotationProcessor,org.springframework.context.annotation.internalCommonAnnotationProcessor,org.springframework.context.event.internalEventListenerProcessor,org.springframework.context.event.internalEventListenerFactory]; root of factory hierarchy]
[23:22:09.212] [DEBUG] [main] [org.springframework.beans.factory.support.DefaultListableBeanFactory] [Creating shared instance of singleton bean &apos;org.springframework.context.annotation.internalConfigurationAnnotationProcessor&apos;]
[23:22:09.212] [DEBUG] [main] [org.springframework.beans.factory.support.DefaultListableBeanFactory] [Creating instance of bean &apos;org.springframework.context.annotation.internalConfigurationAnnotationProcessor&apos;]
[23:22:09.225] [DEBUG] [main] [org.springframework.beans.factory.support.DefaultListableBeanFactory] [Eagerly caching bean &apos;org.springframework.context.annotation.internalConfigurationAnnotationProcessor&apos; to allow for resolving potential circular references]
[23:22:09.227] [DEBUG] [main] [org.springframework.beans.factory.support.DefaultListableBeanFactory] [Finished creating instance of bean &apos;org.springframework.context.annotation.internalConfigurationAnnotationProcessor&apos;]
[23:22:09.254] [DEBUG] [main] [org.springframework.beans.factory.support.DefaultListableBeanFactory] [Creating shared instance of singleton bean &apos;mapperScannerConfigurer&apos;]
[23:22:09.254] [DEBUG] [main] [org.springframework.beans.factory.support.DefaultListableBeanFactory] [Creating instance of bean &apos;mapperScannerConfigurer&apos;]
[23:22:09.254] [DEBUG] [main] [org.springframework.beans.factory.support.DefaultListableBeanFactory] [Eagerly caching bean &apos;mapperScannerConfigurer&apos; to allow for resolving potential circular references]
[23:22:09.277] [DEBUG] [main] [org.springframework.beans.factory.support.DefaultListableBeanFactory] [Invoking afterPropertiesSet() on bean with name &apos;mapperScannerConfigurer&apos;]
[23:22:09.277] [DEBUG] [main] [org.springframework.beans.factory.support.DefaultListableBeanFactory] [Finished creating instance of bean &apos;mapperScannerConfigurer&apos;]
[23:22:09.279] [DEBUG] [main] [org.springframework.core.env.StandardEnvironment] [Adding PropertySource &apos;systemProperties&apos; with lowest search precedence]
[23:22:09.280] [DEBUG] [main] [org.springframework.core.env.StandardEnvironment] [Adding PropertySource &apos;systemEnvironment&apos; with lowest search precedence]
[23:22:09.280] [DEBUG] [main] [org.springframework.core.env.StandardEnvironment] [Initialized StandardEnvironment with PropertySources [MapPropertySource@257513673 {name=&apos;systemProperties&apos;, properties={java.runtime.name=Java(TM) SE Runtime Environment, sun.boot.library.path=C:\Program Files\Java\jdk1.8.0_171\jre\bin, java.vm.version=25.171-b11, java.vm.vendor=Oracle Corporation, java.vendor.url=http://java.oracle.com/, path.separator=;, java.vm.name=Java HotSpot(TM) 64-Bit Server VM, file.encoding.pkg=sun.io, user.country=CN, user.script=, sun.java.launcher=SUN_STANDARD, sun.os.patch.level=, java.vm.specification.name=Java Virtual Machine Specification, user.dir=E:\work\atcrowdfunding01-admin-parent\atcrowdfunding02-admin-webui, java.runtime.version=1.8.0_171-b11, basedir=E:\work\atcrowdfunding01-admin-parent\atcrowdfunding02-admin-webui, java.awt.graphicsenv=sun.awt.Win32GraphicsEnvironment, java.endorsed.dirs=C:\Program Files\Java\jdk1.8.0_171\jre\lib\endorsed, os.arch=amd64, surefire.real.class.path=E:\work\atcrowdfunding01-admin-parent\atcrowdfunding02-admin-webui\target\surefire\surefirebooter4134564494061236761.jar, java.io.tmpdir=C:\Users\ADMINI~1\AppData\Local\Temp\, line.separator=
, java.vm.specification.vendor=Oracle Corporation, user.variant=, os.name=Windows 10, sun.jnu.encoding=GBK, java.library.path=C:\Program Files\Java\jdk1.8.0_171\jre\bin;C:\WINDOWS\Sun\Java\bin;C:\WINDOWS\system32;C:\WINDOWS;C:\Program Files (x86)\Intel\iCLS Client\;C:\Program Files\Intel\iCLS Client\;C:\Program Files (x86)\Common Files\Oracle\Java\javapath;C:\WINDOWS\system32;C:\WINDOWS;C:\WINDOWS\System32\Wbem;C:\WINDOWS\System32\WindowsPowerShell\v1.0\;C:\WINDOWS\System32\OpenSSH\;C:\Program Files\Java\jre1.8.0_231\bin;C:\Program Files (x86)\Intel\Intel(R) Management Engine Components\DAL;C:\Program Files\Intel\Intel(R) Management Engine Components\DAL;C:\Program Files (x86)\Intel\Intel(R) Management Engine Components\IPT;C:\Program Files\Intel\Intel(R) Management Engine Components\IPT;E:\mysql\mysql-5.6.43-winx64\bin;C:\ProgramData\chocolatey\bin;E:\nvm;E:\node;E:\nginx\nginx-1.12.2;E:\apache-ant-1.9.14\bin;C:\Program Files (x86)\NVIDIA Corporation\PhysX\Common;C:\rabbit\rabbitmq_server-3.8.6\sbin;C:\Program Files\erl10.7\bin;E:\nvm\v10.14.0;C:\Program Files\Git\cmd;C:\Program Files\TortoiseGit\bin;C:\Users\Administrator\.cargo\bin;C:\Users\Administrator\AppData\Local\Microsoft\WindowsApps;C:\Program Files\Bandizip\;E:\maven2\apache-maven-3.6.3\bin;C:\Users\Administrator\AppData\Local\GitHubDesktop\bin;., surefire.test.class.path=E:\work\atcrowdfunding01-admin-parent\atcrowdfunding02-admin-webui\target\test-classes;E:\work\atcrowdfunding01-admin-parent\atcrowdfunding02-admin-webui\target\classes;E:\maven\repo1\com\atguigu\crowd\atcrowdfunding03-admin-component\1.0-SNAPSHOT\atcrowdfunding03-admin-component-1.0-SNAPSHOT.jar;E:\maven\repo1\com\atguigu\crowd\atcrowdfunding04-admin-entity\1.0-SNAPSHOT\atcrowdfunding04-admin-entity-1.0-SNAPSHOT.jar;E:\maven\repo1\com\atguigu\crowd\atcrowdfunding05-common-util\1.0-SNAPSHOT\atcrowdfunding05-common-util-1.0-SNAPSHOT.jar;E:\maven\repo1\com\alibaba\fastjson\1.2.15\fastjson-1.2.15.jar;E:\maven\repo1\org\apache\httpcomponents\httpclient\4.5.9\httpclient-4.5.9.jar;E:\maven\repo1\org\apache\httpcomponents\httpcore\4.4.11\httpcore-4.4.11.jar;E:\maven\repo1\commons-logging\commons-logging\1.2\commons-logging-1.2.jar;E:\maven\repo1\commons-codec\commons-codec\1.11\commons-codec-1.11.jar;E:\maven\repo1\org\eclipse\jetty\jetty-util\9.4.19.v20190610\jetty-util-9.4.19.v20190610.jar;E:\maven\repo1\commons-lang\commons-lang\2.6\commons-lang-2.6.jar;E:\maven\repo1\com\aliyun\oss\aliyun-sdk-oss\3.5.0\aliyun-sdk-oss-3.5.0.jar;E:\maven\repo1\org\jdom\jdom\1.1\jdom-1.1.jar;E:\maven\repo1\org\codehaus\jettison\jettison\1.1\jettison-1.1.jar;E:\maven\repo1\stax\stax-api\1.0.1\stax-api-1.0.1.jar;E:\maven\repo1\com\aliyun\aliyun-java-sdk-core\3.4.0\aliyun-java-sdk-core-3.4.0.jar;E:\maven\repo1\com\aliyun\aliyun-java-sdk-ram\3.0.0\aliyun-java-sdk-ram-3.0.0.jar;E:\maven\repo1\com\aliyun\aliyun-java-sdk-sts\3.0.0\aliyun-java-sdk-sts-3.0.0.jar;E:\maven\repo1\com\aliyun\aliyun-java-sdk-ecs\4.2.0\aliyun-java-sdk-ecs-4.2.0.jar;E:\maven\repo1\org\springframework\spring-orm\4.3.20.RELEASE\spring-orm-4.3.20.RELEASE.jar;E:\maven\repo1\org\springframework\spring-beans\4.3.20.RELEASE\spring-beans-4.3.20.RELEASE.jar;E:\maven\repo1\org\springframework\spring-jdbc\4.3.20.RELEASE\spring-jdbc-4.3.20.RELEASE.jar;E:\maven\repo1\org\springframework\spring-tx\4.3.20.RELEASE\spring-tx-4.3.20.RELEASE.jar;E:\maven\repo1\org\springframework\spring-webmvc\4.3.20.RELEASE\spring-webmvc-4.3.20.RELEASE.jar;E:\maven\repo1\org\springframework\spring-aop\4.3.20.RELEASE\spring-aop-4.3.20.RELEASE.jar;E:\maven\repo1\org\springframework\spring-context\4.3.20.RELEASE\spring-context-4.3.20.RELEASE.jar;E:\maven\repo1\org\springframework\spring-expression\4.3.20.RELEASE\spring-expression-4.3.20.RELEASE.jar;E:\maven\repo1\org\springframework\spring-web\4.3.20.RELEASE\spring-web-4.3.20.RELEASE.jar;E:\maven\repo1\org\aspectj\aspectjweaver\1.9.2\aspectjweaver-1.9.2.jar;E:\maven\repo1\cglib\cglib\2.2\cglib-2.2.jar;E:\maven\repo1\asm\asm\3.1\asm-3.1.jar;E:\maven\repo1\mysql\mysql-connector-java\5.1.3\mysql-connector-java-5.1.3.jar;E:\maven\repo1\com\alibaba\druid\1.0.31\druid-1.0.31.jar;C:\Program Files\Java\jdk1.8.0_171\jre\..\lib\jconsole.jar;C:\Program Files\Java\jdk1.8.0_171\jre\..\lib\tools.jar;E:\maven\repo1\org\mybatis\mybatis\3.2.8\mybatis-3.2.8.jar;E:\maven\repo1\org\mybatis\mybatis-spring\1.2.2\mybatis-spring-1.2.2.jar;E:\maven\repo1\com\github\pagehelper\pagehelper\4.0.0\pagehelper-4.0.0.jar;E:\maven\repo1\com\github\jsqlparser\jsqlparser\0.9.1\jsqlparser-0.9.1.jar;E:\maven\repo1\org\slf4j\slf4j-api\1.7.7\slf4j-api-1.7.7.jar;E:\maven\repo1\ch\qos\logback\logback-classic\1.2.3\logback-classic-1.2.3.jar;E:\maven\repo1\ch\qos\logback\logback-core\1.2.3\logback-core-1.2.3.jar;E:\maven\repo1\org\slf4j\jcl-over-slf4j\1.7.25\jcl-over-slf4j-1.7.25.jar;E:\maven\repo1\com\fasterxml\jackson\core\jackson-core\2.9.8\jackson-core-2.9.8.jar;E:\maven\repo1\com\fasterxml\jackson\core\jackson-databind\2.9.8\jackson-databind-2.9.8.jar;E:\maven\repo1\com\fasterxml\jackson\core\jackson-annotations\2.9.0\jackson-annotations-2.9.0.jar;E:\maven\repo1\jstl\jstl\1.2\jstl-1.2.jar;E:\maven\repo1\com\google\code\gson\gson\2.8.5\gson-2.8.5.jar;E:\maven\repo1\org\springframework\spring-test\4.3.20.RELEASE\spring-test-4.3.20.RELEASE.jar;E:\maven\repo1\org\springframework\spring-core\4.3.20.RELEASE\spring-core-4.3.20.RELEASE.jar;E:\maven\repo1\junit\junit\4.12\junit-4.12.jar;E:\maven\repo1\org\hamcrest\hamcrest-core\1.3\hamcrest-core-1.3.jar;E:\maven\repo1\javax\servlet\servlet-api\2.5\servlet-api-2.5.jar;E:\maven\repo1\javax\servlet\jsp\jsp-api\2.1.3-b06\jsp-api-2.1.3-b06.jar;E:\maven\repo1\org\glassfish\javax.servlet\3.0-b70\javax.servlet-3.0-b70.jar;E:\maven\repo1\javax\el\el-api\2.1.2-b05\el-api-2.1.2-b05.jar;, java.specification.name=Java Platform API Specification, java.class.version=52.0, sun.management.compiler=HotSpot 64-Bit Tiered Compilers, os.version=10.0, user.home=C:\Users\Administrator, user.timezone=Asia/Shanghai, java.awt.printerjob=sun.awt.windows.WPrinterJob, file.encoding=GBK, java.specification.version=1.8, java.class.path=E:\work\atcrowdfunding01-admin-parent\atcrowdfunding02-admin-webui\target\test-classes;E:\work\atcrowdfunding01-admin-parent\atcrowdfunding02-admin-webui\target\classes;E:\maven\repo1\com\atguigu\crowd\atcrowdfunding03-admin-component\1.0-SNAPSHOT\atcrowdfunding03-admin-component-1.0-SNAPSHOT.jar;E:\maven\repo1\com\atguigu\crowd\atcrowdfunding04-admin-entity\1.0-SNAPSHOT\atcrowdfunding04-admin-entity-1.0-SNAPSHOT.jar;E:\maven\repo1\com\atguigu\crowd\atcrowdfunding05-common-util\1.0-SNAPSHOT\atcrowdfunding05-common-util-1.0-SNAPSHOT.jar;E:\maven\repo1\com\alibaba\fastjson\1.2.15\fastjson-1.2.15.jar;E:\maven\repo1\org\apache\httpcomponents\httpclient\4.5.9\httpclient-4.5.9.jar;E:\maven\repo1\org\apache\httpcomponents\httpcore\4.4.11\httpcore-4.4.11.jar;E:\maven\repo1\commons-logging\commons-logging\1.2\commons-logging-1.2.jar;E:\maven\repo1\commons-codec\commons-codec\1.11\commons-codec-1.11.jar;E:\maven\repo1\org\eclipse\jetty\jetty-util\9.4.19.v20190610\jetty-util-9.4.19.v20190610.jar;E:\maven\repo1\commons-lang\commons-lang\2.6\commons-lang-2.6.jar;E:\maven\repo1\com\aliyun\oss\aliyun-sdk-oss\3.5.0\aliyun-sdk-oss-3.5.0.jar;E:\maven\repo1\org\jdom\jdom\1.1\jdom-1.1.jar;E:\maven\repo1\org\codehaus\jettison\jettison\1.1\jettison-1.1.jar;E:\maven\repo1\stax\stax-api\1.0.1\stax-api-1.0.1.jar;E:\maven\repo1\com\aliyun\aliyun-java-sdk-core\3.4.0\aliyun-java-sdk-core-3.4.0.jar;E:\maven\repo1\com\aliyun\aliyun-java-sdk-ram\3.0.0\aliyun-java-sdk-ram-3.0.0.jar;E:\maven\repo1\com\aliyun\aliyun-java-sdk-sts\3.0.0\aliyun-java-sdk-sts-3.0.0.jar;E:\maven\repo1\com\aliyun\aliyun-java-sdk-ecs\4.2.0\aliyun-java-sdk-ecs-4.2.0.jar;E:\maven\repo1\org\springframework\spring-orm\4.3.20.RELEASE\spring-orm-4.3.20.RELEASE.jar;E:\maven\repo1\org\springframework\spring-beans\4.3.20.RELEASE\spring-beans-4.3.20.RELEASE.jar;E:\maven\repo1\org\springframework\spring-jdbc\4.3.20.RELEASE\spring-jdbc-4.3.20.RELEASE.jar;E:\maven\repo1\org\springframework\spring-tx\4.3.20.RELEASE\spring-tx-4.3.20.RELEASE.jar;E:\maven\repo1\org\springframework\spring-webmvc\4.3.20.RELEASE\spring-webmvc-4.3.20.RELEASE.jar;E:\maven\repo1\org\springframework\spring-aop\4.3.20.RELEASE\spring-aop-4.3.20.RELEASE.jar;E:\maven\repo1\org\springframework\spring-context\4.3.20.RELEASE\spring-context-4.3.20.RELEASE.jar;E:\maven\repo1\org\springframework\spring-expression\4.3.20.RELEASE\spring-expression-4.3.20.RELEASE.jar;E:\maven\repo1\org\springframework\spring-web\4.3.20.RELEASE\spring-web-4.3.20.RELEASE.jar;E:\maven\repo1\org\aspectj\aspectjweaver\1.9.2\aspectjweaver-1.9.2.jar;E:\maven\repo1\cglib\cglib\2.2\cglib-2.2.jar;E:\maven\repo1\asm\asm\3.1\asm-3.1.jar;E:\maven\repo1\mysql\mysql-connector-java\5.1.3\mysql-connector-java-5.1.3.jar;E:\maven\repo1\com\alibaba\druid\1.0.31\druid-1.0.31.jar;C:\Program Files\Java\jdk1.8.0_171\jre\..\lib\jconsole.jar;C:\Program Files\Java\jdk1.8.0_171\jre\..\lib\tools.jar;E:\maven\repo1\org\mybatis\mybatis\3.2.8\mybatis-3.2.8.jar;E:\maven\repo1\org\mybatis\mybatis-spring\1.2.2\mybatis-spring-1.2.2.jar;E:\maven\repo1\com\github\pagehelper\pagehelper\4.0.0\pagehelper-4.0.0.jar;E:\maven\repo1\com\github\jsqlparser\jsqlparser\0.9.1\jsqlparser-0.9.1.jar;E:\maven\repo1\org\slf4j\slf4j-api\1.7.7\slf4j-api-1.7.7.jar;E:\maven\repo1\ch\qos\logback\logback-classic\1.2.3\logback-classic-1.2.3.jar;E:\maven\repo1\ch\qos\logback\logback-core\1.2.3\logback-core-1.2.3.jar;E:\maven\repo1\org\slf4j\jcl-over-slf4j\1.7.25\jcl-over-slf4j-1.7.25.jar;E:\maven\repo1\com\fasterxml\jackson\core\jackson-core\2.9.8\jackson-core-2.9.8.jar;E:\maven\repo1\com\fasterxml\jackson\core\jackson-databind\2.9.8\jackson-databind-2.9.8.jar;E:\maven\repo1\com\fasterxml\jackson\core\jackson-annotations\2.9.0\jackson-annotations-2.9.0.jar;E:\maven\repo1\jstl\jstl\1.2\jstl-1.2.jar;E:\maven\repo1\com\google\code\gson\gson\2.8.5\gson-2.8.5.jar;E:\maven\repo1\org\springframework\spring-test\4.3.20.RELEASE\spring-test-4.3.20.RELEASE.jar;E:\maven\repo1\org\springframework\spring-core\4.3.20.RELEASE\spring-core-4.3.20.RELEASE.jar;E:\maven\repo1\junit\junit\4.12\junit-4.12.jar;E:\maven\repo1\org\hamcrest\hamcrest-core\1.3\hamcrest-core-1.3.jar;E:\maven\repo1\javax\servlet\servlet-api\2.5\servlet-api-2.5.jar;E:\maven\repo1\javax\servlet\jsp\jsp-api\2.1.3-b06\jsp-api-2.1.3-b06.jar;E:\maven\repo1\org\glassfish\javax.servlet\3.0-b70\javax.servlet-3.0-b70.jar;E:\maven\repo1\javax\el\el-api\2.1.2-b05\el-api-2.1.2-b05.jar;, user.name=Administrator, java.vm.specification.version=1.8, sun.java.command=E:\work\atcrowdfunding01-admin-parent\atcrowdfunding02-admin-webui\target\surefire\surefirebooter4134564494061236761.jar E:\work\atcrowdfunding01-admin-parent\atcrowdfunding02-admin-webui\target\surefire\surefire1514770593990257158tmp E:\work\atcrowdfunding01-admin-parent\atcrowdfunding02-admin-webui\target\surefire\surefire_08172596603642729167tmp, java.home=C:\Program Files\Java\jdk1.8.0_171\jre, sun.arch.data.model=64, user.language=zh, java.specification.vendor=Oracle Corporation, idea.version2020.1.2=true, awt.toolkit=sun.awt.windows.WToolkit, java.vm.info=mixed mode, java.version=1.8.0_171, java.ext.dirs=C:\Program Files\Java\jdk1.8.0_171\jre\lib\ext;C:\WINDOWS\Sun\Java\lib\ext, sun.boot.class.path=C:\Program Files\Java\jdk1.8.0_171\jre\lib\resources.jar;C:\Program Files\Java\jdk1.8.0_171\jre\lib\rt.jar;C:\Program Files\Java\jdk1.8.0_171\jre\lib\sunrsasign.jar;C:\Program Files\Java\jdk1.8.0_171\jre\lib\jsse.jar;C:\Program Files\Java\jdk1.8.0_171\jre\lib\jce.jar;C:\Program Files\Java\jdk1.8.0_171\jre\lib\charsets.jar;C:\Program Files\Java\jdk1.8.0_171\jre\lib\jfr.jar;C:\Program Files\Java\jdk1.8.0_171\jre\classes, java.vendor=Oracle Corporation, localRepository=E:\maven\repo1, file.separator=\, java.vendor.url.bug=http://bugreport.sun.com/bugreport/, sun.io.unicode.encoding=UnicodeLittle, sun.cpu.endian=little, sun.desktop=windows, sun.cpu.isalist=amd64}}, SystemEnvironmentPropertySource@590845366 {name=&apos;systemEnvironment&apos;, properties={PATH=C:\Program Files (x86)\Intel\iCLS Client\;C:\Program Files\Intel\iCLS Client\;C:\Program Files (x86)\Common Files\Oracle\Java\javapath;C:\WINDOWS\system32;C:\WINDOWS;C:\WINDOWS\System32\Wbem;C:\WINDOWS\System32\WindowsPowerShell\v1.0\;C:\WINDOWS\System32\OpenSSH\;C:\Program Files\Java\jre1.8.0_231\bin;C:\Program Files (x86)\Intel\Intel(R) Management Engine Components\DAL;C:\Program Files\Intel\Intel(R) Management Engine Components\DAL;C:\Program Files (x86)\Intel\Intel(R) Management Engine Components\IPT;C:\Program Files\Intel\Intel(R) Management Engine Components\IPT;E:\mysql\mysql-5.6.43-winx64\bin;C:\ProgramData\chocolatey\bin;E:\nvm;E:\node;E:\nginx\nginx-1.12.2;E:\apache-ant-1.9.14\bin;C:\Program Files (x86)\NVIDIA Corporation\PhysX\Common;C:\rabbit\rabbitmq_server-3.8.6\sbin;C:\Program Files\erl10.7\bin;E:\nvm\v10.14.0;C:\Program Files\Git\cmd;C:\Program Files\TortoiseGit\bin;C:\Users\Administrator\.cargo\bin;C:\Users\Administrator\AppData\Local\Microsoft\WindowsApps;C:\Program Files\Bandizip\;E:\maven2\apache-maven-3.6.3\bin;C:\Users\Administrator\AppData\Local\GitHubDesktop\bin, USERDOMAIN_ROAMINGPROFILE=���ӽ�, PROCESSOR_LEVEL=6, SYSTEMDRIVE=C:, SESSIONNAME=Console, ALLUSERSPROFILE=C:\ProgramData, PROCESSOR_ARCHITECTURE=AMD64, DRIVERDATA=C:\Windows\System32\Drivers\DriverData, =E:=E:\work\atcrowdfunding01-admin-parent\atcrowdfunding02-admin-webui, PROGRAMFILES=C:\Program Files, PSMODULEPATH=C:\Program Files\WindowsPowerShell\Modules;C:\WINDOWS\system32\WindowsPowerShell\v1.0\Modules, PROGRAMDATA=C:\ProgramData, CHOCOLATEYLASTPATHUPDATE=132218432993919314, USERNAME=Administrator, FPS_BROWSER_USER_PROFILE_STRING=Default, ONEDRIVE=C:\Users\Administrator\OneDrive, PATHEXT=.COM;.EXE;.BAT;.CMD;.VBS;.VBE;.JS;.JSE;.WSF;.WSH;.MSC, ONEDRIVECONSUMER=C:\Users\Administrator\OneDrive, WINDIR=C:\WINDOWS, HOMEPATH=\Users\Administrator, MYSQL_HOME=E:\mysql\mysql-5.6.43-winx64, PROCESSOR_IDENTIFIER=Intel64 Family 6 Model 158 Stepping 9, GenuineIntel, PUBLIC=C:\Users\Public, NGINX_HOME=E:\nginx\nginx-1.12.2, =::=::\, LOCALAPPDATA=C:\Users\Administrator\AppData\Local, COMMONPROGRAMFILES(X86)=C:\Program Files (x86)\Common Files, USERDOMAIN=���ӽ�, FPS_BROWSER_APP_PROFILE_STRING=Internet Explorer, LOGONSERVER=\\���ӽ�, JAVA_HOME=C:\Program Files\Java\jre1.8.0_231, PROMPT=$P$G, PROGRAMFILES(X86)=C:\Program Files (x86), ANT_HOME=E:\apache-ant-1.9.14, ERLANG_HOME=C:\Program Files\erl10.7, APPDATA=C:\Users\Administrator\AppData\Roaming, PROGRAMW6432=C:\Program Files, SYSTEMROOT=C:\WINDOWS, CHOCOLATEYINSTALL=C:\ProgramData\chocolatey, MAVEN-HOME=E:\maven2\apache-maven-3.6.3, OS=Windows_NT, COMMONPROGRAMW6432=C:\Program Files\Common Files, COMPUTERNAME=���ӽ�, COMMONPROGRAMFILES=C:\Program Files\Common Files, COMSPEC=C:\WINDOWS\system32\cmd.exe, PROCESSOR_REVISION=9e09, RABBITMQ_HOME=C:\rabbit\rabbitmq_server-3.8.6, TEMP=C:\Users\ADMINI~1\AppData\Local\Temp, HOMEDRIVE=C:, USERPROFILE=C:\Users\Administrator, TMP=C:\Users\ADMINI~1\AppData\Local\Temp, NUMBER_OF_PROCESSORS=8, IDEA_INITIAL_DIRECTORY=C:\Users\Administrator\Desktop}}]]
[23:22:09.285] [DEBUG] [main] [org.springframework.core.io.support.PathMatchingResourcePatternResolver] [Resolved classpath location [com/atguigu/crowd/mapper/AdminMapper/] to resources []]
[23:22:09.285] [DEBUG] [main] [org.springframework.core.io.support.PathMatchingResourcePatternResolver] [Resolved location pattern [classpath*:com/atguigu/crowd/mapper/AdminMapper/**/*.class] to resources []]
[23:22:09.285] [WARN ] [main] [org.mybatis.spring.mapper.ClassPathMapperScanner] [No MyBatis mapper was found in &apos;[com.atguigu.crowd.mapper.AdminMapper]&apos; package. Please check your configuration.]
[23:22:09.286] [DEBUG] [main] [org.springframework.beans.factory.support.DefaultListableBeanFactory] [Creating shared instance of singleton bean &apos;org.springframework.context.support.PropertySourcesPlaceholderConfigurer#0&apos;]
[23:22:09.286] [DEBUG] [main] [org.springframework.beans.factory.support.DefaultListableBeanFactory] [Creating instance of bean &apos;org.springframework.context.support.PropertySourcesPlaceholderConfigurer#0&apos;]
[23:22:09.287] [DEBUG] [main] [org.springframework.beans.factory.support.DefaultListableBeanFactory] [Eagerly caching bean &apos;org.springframework.context.support.PropertySourcesPlaceholderConfigurer#0&apos; to allow for resolving potential circular references]
[23:22:09.296] [DEBUG] [main] [org.springframework.beans.factory.support.DefaultListableBeanFactory] [Finished creating instance of bean &apos;org.springframework.context.support.PropertySourcesPlaceholderConfigurer#0&apos;]
[23:22:09.297] [DEBUG] [main] [org.springframework.core.env.MutablePropertySources] [Adding PropertySource &apos;environmentProperties&apos; with lowest search precedence]
[23:22:09.297] [DEBUG] [main] [org.springframework.context.support.PropertySourcesPlaceholderConfigurer] [Loading properties file from class path resource [jdbc.properties]]
[23:22:09.297] [DEBUG] [main] [org.springframework.core.env.MutablePropertySources] [Adding PropertySource &apos;localProperties&apos; with lowest search precedence]
[23:22:09.299] [DEBUG] [main] [org.springframework.core.env.PropertySourcesPropertyResolver] [Could not find key &apos;jdbc.user&apos; in any property source]
[23:22:09.299] [DEBUG] [main] [org.springframework.core.env.PropertySourcesPropertyResolver] [Found key &apos;jdbc.user&apos; in PropertySource &apos;localProperties&apos; with value of type String]
[23:22:09.299] [DEBUG] [main] [org.springframework.core.env.PropertySourcesPropertyResolver] [Could not find key &apos;jdbc.password&apos; in any property source]
[23:22:09.299] [DEBUG] [main] [org.springframework.core.env.PropertySourcesPropertyResolver] [Found key &apos;jdbc.password&apos; in PropertySource &apos;localProperties&apos; with value of type String]
[23:22:09.299] [DEBUG] [main] [org.springframework.core.env.PropertySourcesPropertyResolver] [Could not find key &apos;jdbc.url&apos; in any property source]
[23:22:09.299] [DEBUG] [main] [org.springframework.core.env.PropertySourcesPropertyResolver] [Found key &apos;jdbc.url&apos; in PropertySource &apos;localProperties&apos; with value of type String]
[23:22:09.299] [DEBUG] [main] [org.springframework.core.env.PropertySourcesPropertyResolver] [Could not find key &apos;jdbc.driver&apos; in any property source]
[23:22:09.299] [DEBUG] [main] [org.springframework.core.env.PropertySourcesPropertyResolver] [Found key &apos;jdbc.driver&apos; in PropertySource &apos;localProperties&apos; with value of type String]
[23:22:09.301] [DEBUG] [main] [org.springframework.beans.factory.support.DefaultListableBeanFactory] [Creating shared instance of singleton bean &apos;org.springframework.context.annotation.internalAutowiredAnnotationProcessor&apos;]
[23:22:09.301] [DEBUG] [main] [org.springframework.beans.factory.support.DefaultListableBeanFactory] [Creating instance of bean &apos;org.springframework.context.annotation.internalAutowiredAnnotationProcessor&apos;]
[23:22:09.301] [DEBUG] [main] [org.springframework.beans.factory.support.DefaultListableBeanFactory] [Eagerly caching bean &apos;org.springframework.context.annotation.internalAutowiredAnnotationProcessor&apos; to allow for resolving potential circular references]
[23:22:09.307] [DEBUG] [main] [org.springframework.beans.factory.support.DefaultListableBeanFactory] [Finished creating instance of bean &apos;org.springframework.context.annotation.internalAutowiredAnnotationProcessor&apos;]
[23:22:09.307] [DEBUG] [main] [org.springframework.beans.factory.support.DefaultListableBeanFactory] [Creating shared instance of singleton bean &apos;org.springframework.context.annotation.internalRequiredAnnotationProcessor&apos;]
[23:22:09.307] [DEBUG] [main] [org.springframework.beans.factory.support.DefaultListableBeanFactory] [Creating instance of bean &apos;org.springframework.context.annotation.internalRequiredAnnotationProcessor&apos;]
[23:22:09.308] [DEBUG] [main] [org.springframework.beans.factory.support.DefaultListableBeanFactory] [Eagerly caching bean &apos;org.springframework.context.annotation.internalRequiredAnnotationProcessor&apos; to allow for resolving potential circular references]
[23:22:09.311] [DEBUG] [main] [org.springframework.beans.factory.support.DefaultListableBeanFactory] [Finished creating instance of bean &apos;org.springframework.context.annotation.internalRequiredAnnotationProcessor&apos;]
[23:22:09.311] [DEBUG] [main] [org.springframework.beans.factory.support.DefaultListableBeanFactory] [Creating shared instance of singleton bean &apos;org.springframework.context.annotation.internalCommonAnnotationProcessor&apos;]
[23:22:09.311] [DEBUG] [main] [org.springframework.beans.factory.support.DefaultListableBeanFactory] [Creating instance of bean &apos;org.springframework.context.annotation.internalCommonAnnotationProcessor&apos;]
[23:22:09.314] [DEBUG] [main] [org.springframework.beans.factory.support.DefaultListableBeanFactory] [Eagerly caching bean &apos;org.springframework.context.annotation.internalCommonAnnotationProcessor&apos; to allow for resolving potential circular references]
[23:22:09.320] [DEBUG] [main] [org.springframework.beans.factory.support.DefaultListableBeanFactory] [Finished creating instance of bean &apos;org.springframework.context.annotation.internalCommonAnnotationProcessor&apos;]
[23:22:09.321] [DEBUG] [main] [org.springframework.context.support.GenericApplicationContext] [Unable to locate MessageSource with name &apos;messageSource&apos;: using default [org.springframework.context.support.DelegatingMessageSource@7d20d0b]]
[23:22:09.323] [DEBUG] [main] [org.springframework.context.support.GenericApplicationContext] [Unable to locate ApplicationEventMulticaster with name &apos;applicationEventMulticaster&apos;: using default [org.springframework.context.event.SimpleApplicationEventMulticaster@23348b5d]]
[23:22:09.324] [DEBUG] [main] [org.springframework.beans.factory.support.DefaultListableBeanFactory] [Pre-instantiating singletons in org.springframework.beans.factory.support.DefaultListableBeanFactory@7f552bd3: defining beans [org.springframework.context.support.PropertySourcesPlaceholderConfigurer#0,dataSource,sqlSessionFactoryBean,mapperScannerConfigurer,org.springframework.context.annotation.internalConfigurationAnnotationProcessor,org.springframework.context.annotation.internalAutowiredAnnotationProcessor,org.springframework.context.annotation.internalRequiredAnnotationProcessor,org.springframework.context.annotation.internalCommonAnnotationProcessor,org.springframework.context.event.internalEventListenerProcessor,org.springframework.context.event.internalEventListenerFactory]; root of factory hierarchy]
[23:22:09.324] [DEBUG] [main] [org.springframework.beans.factory.support.DefaultListableBeanFactory] [Returning cached instance of singleton bean &apos;org.springframework.context.support.PropertySourcesPlaceholderConfigurer#0&apos;]
[23:22:09.324] [DEBUG] [main] [org.springframework.beans.factory.support.DefaultListableBeanFactory] [Creating shared instance of singleton bean &apos;dataSource&apos;]
[23:22:09.324] [DEBUG] [main] [org.springframework.beans.factory.support.DefaultListableBeanFactory] [Creating instance of bean &apos;dataSource&apos;]
[23:22:09.350] [DEBUG] [main] [org.springframework.beans.factory.support.DefaultListableBeanFactory] [Eagerly caching bean &apos;dataSource&apos; to allow for resolving potential circular references]
[23:22:09.385] [DEBUG] [main] [org.springframework.beans.factory.support.DefaultListableBeanFactory] [Finished creating instance of bean &apos;dataSource&apos;]
[23:22:09.385] [DEBUG] [main] [org.springframework.beans.factory.support.DefaultListableBeanFactory] [Creating shared instance of singleton bean &apos;sqlSessionFactoryBean&apos;]
[23:22:09.385] [DEBUG] [main] [org.springframework.beans.factory.support.DefaultListableBeanFactory] [Creating instance of bean &apos;sqlSessionFactoryBean&apos;]
[23:22:09.391] [DEBUG] [main] [org.apache.ibatis.logging.LogFactory] [Logging initialized using &apos;class org.apache.ibatis.logging.commons.JakartaCommonsLoggingImpl&apos; adapter.]
[23:22:09.392] [DEBUG] [main] [org.springframework.beans.factory.support.DefaultListableBeanFactory] [Eagerly caching bean &apos;sqlSessionFactoryBean&apos; to allow for resolving potential circular references]
[23:22:09.398] [DEBUG] [main] [org.springframework.core.io.support.PathMatchingResourcePatternResolver] [Looking for matching resources in directory tree [E:\work\atcrowdfunding01-admin-parent\atcrowdfunding02-admin-webui\target\classes\mybatis\mapper]]
[23:22:09.399] [DEBUG] [main] [org.springframework.core.io.support.PathMatchingResourcePatternResolver] [Searching directory [E:\work\atcrowdfunding01-admin-parent\atcrowdfunding02-admin-webui\target\classes\mybatis\mapper] for files matching pattern [E:/work/atcrowdfunding01-admin-parent/atcrowdfunding02-admin-webui/target/classes/mybatis/mapper/*Mapper.xml]]
[23:22:09.402] [DEBUG] [main] [org.springframework.core.io.support.PathMatchingResourcePatternResolver] [Resolved location pattern [classpath:mybatis/mapper/*Mapper.xml] to resources [file [E:\work\atcrowdfunding01-admin-parent\atcrowdfunding02-admin-webui\target\classes\mybatis\mapper\AdminMapper.xml], file [E:\work\atcrowdfunding01-admin-parent\atcrowdfunding02-admin-webui\target\classes\mybatis\mapper\RoleMapper.xml]]]
[23:22:09.402] [DEBUG] [main] [org.springframework.beans.factory.support.DefaultListableBeanFactory] [Returning cached instance of singleton bean &apos;dataSource&apos;]
[23:22:09.403] [DEBUG] [main] [org.springframework.beans.factory.support.DefaultListableBeanFactory] [Creating instance of bean &apos;com.github.pagehelper.PageHelper#419c5f1a&apos;]
[23:22:09.419] [DEBUG] [main] [org.springframework.beans.factory.support.DefaultListableBeanFactory] [Finished creating instance of bean &apos;com.github.pagehelper.PageHelper#419c5f1a&apos;]
[23:22:09.427] [DEBUG] [main] [org.springframework.beans.factory.support.DefaultListableBeanFactory] [Invoking afterPropertiesSet() on bean with name &apos;sqlSessionFactoryBean&apos;]
[...]
[23:22:09.639] [DEBUG] [main] [org.springframework.beans.factory.annotation.InjectionMetadata] [Processing injected element of bean &apos;com.atguigu.crowd.test.java.com.atguigu.crowd.test.CrowdTest&apos;: AutowiredFieldElement for private com.atguigu.crowd.mapper.AdminMapper com.atguigu.crowd.test.java.com.atguigu.crowd.test.CrowdTest.adminMapper]
[23:22:09.642] [ERROR] [main] [org.springframework.test.context.TestContextManager] [Caught exception while allowing TestExecutionListener [org.springframework.test.context.support.DependencyInjectionTestExecutionListener@2f8f5f62] to prepare test instance [com.atguigu.crowd.test.java.com.atguigu.crowd.test.CrowdTest@140e5a13]]
org.springframework.beans.factory.UnsatisfiedDependencyException: Error creating bean with name &apos;com.atguigu.crowd.test.java.com.atguigu.crowd.test.CrowdTest&apos;: Unsatisfied dependency expressed through field &apos;adminMapper&apos;; nested exception is org.springframework.beans.factory.NoSuchBeanDefinitionException: No qualifying bean of type &apos;com.atguigu.crowd.mapper.AdminMapper&apos; available: expected at least 1 bean which qualifies as autowire candidate. Dependency annotations: {@org.springframework.beans.factory.annotation.Autowired(required=true)}
	at org.springframework.beans.factory.annotation.AutowiredAnnotationBeanPostProcessor$AutowiredFieldElement.inject(AutowiredAnnotationBeanPostProcessor.java:586)
	at org.springframework.beans.factory.annotation.InjectionMetadata.inject(InjectionMetadata.java:87)
	at org.springframework.beans.factory.annotation.AutowiredAnnotationBeanPostProcessor.postProcessPropertyValues(AutowiredAnnotationBeanPostProcessor.java:364)
	at org.springframework.beans.factory.support.AbstractAutowireCapableBeanFactory.populateBean(AbstractAutowireCapableBeanFactory.java:1269)
	at org.springframework.beans.factory.support.AbstractAutowireCapableBeanFactory.autowireBeanProperties(AbstractAutowireCapableBeanFactory.java:384)
	at org.springframework.test.context.support.DependencyInjectionTestExecutionListener.injectDependencies(DependencyInjectionTestExecutionListener.java:118)
	at org.springframework.test.context.support.DependencyInjectionTestExecutionListener.prepareTestInstance(DependencyInjectionTestExecutionListener.java:83)
	at org.springframework.test.context.TestContextManager.prepareTestInstance(TestContextManager.java:230)
	at org.springframework.test.context.junit4.SpringJUnit4ClassRunner.createTest(SpringJUnit4ClassRunner.java:228)
	at org.springframework.test.context.junit4.SpringJUnit4ClassRunner$1.runReflectiveCall(SpringJUnit4ClassRunner.java:287)
	at org.junit.internal.runners.model.ReflectiveCallable.run(ReflectiveCallable.java:12)
	at org.springframework.test.context.junit4.SpringJUnit4ClassRunner.methodBlock(SpringJUnit4ClassRunner.java:289)
	at org.springframework.test.context.junit4.SpringJUnit4ClassRunner.runChild(SpringJUnit4ClassRunner.java:247)
	at org.springframework.test.context.junit4.SpringJUnit4ClassRunner.runChild(SpringJUnit4ClassRunner.java:94)
	at org.junit.runners.ParentRunner$3.run(ParentRunner.java:290)
	at org.junit.runners.ParentRunner$1.schedule(ParentRunner.java:71)
	at org.junit.runners.ParentRunner.runChildren(ParentRunner.java:288)
	at org.junit.runners.ParentRunner.access$000(ParentRunner.java:58)
	at org.junit.runners.ParentRunner$2.evaluate(ParentRunner.java:268)
	at org.springframework.test.context.junit4.statements.RunBeforeTestClassCallbacks.evaluate(RunBeforeTestClassCallbacks.java:61)
	at org.springframework.test.context.junit4.statements.RunAfterTestClassCallbacks.evaluate(RunAfterTestClassCallbacks.java:70)
	at org.junit.runners.ParentRunner.run(ParentRunner.java:363)
	at org.springframework.test.context.junit4.SpringJUnit4ClassRunner.run(SpringJUnit4ClassRunner.java:191)
	at org.apache.maven.surefire.junit4.JUnit4Provider.execute(JUnit4Provider.java:252)
	at org.apache.maven.surefire.junit4.JUnit4Provider.executeTestSet(JUnit4Provider.java:141)
	at org.apache.maven.surefire.junit4.JUnit4Provider.invoke(JUnit4Provider.java:112)
	at sun.reflect.NativeMethodAccessorImpl.invoke0(Native Method)
	at sun.reflect.NativeMethodAccessorImpl.invoke(NativeMethodAccessorImpl.java:62)
	at sun.reflect.DelegatingMethodAccessorImpl.invoke(DelegatingMethodAccessorImpl.java:43)
	at java.lang.reflect.Method.invoke(Method.java:498)
	at org.apache.maven.surefire.util.ReflectionUtils.invokeMethodWithArray(ReflectionUtils.java:189)
	at org.apache.maven.surefire.booter.ProviderFactory$ProviderProxy.invoke(ProviderFactory.java:165)
	at org.apache.maven.surefire.booter.ProviderFactory.invokeProvider(ProviderFactory.java:85)
	at org.apache.maven.surefire.booter.ForkedBooter.runSuitesInProcess(ForkedBooter.java:115)
	at org.apache.maven.surefire.booter.ForkedBooter.main(ForkedBooter.java:75)
Caused by: org.springframework.beans.factory.NoSuchBeanDefinitionException: No qualifying bean of type &apos;com.atguigu.crowd.mapper.AdminMapper&apos; available: expected at least 1 bean which qualifies as autowire candidate. Dependency annotations: {@org.springframework.beans.factory.annotation.Autowired(required=true)}
	at org.springframework.beans.factory.support.DefaultListableBeanFactory.raiseNoMatchingBeanFound(DefaultListableBeanFactory.java:1491)
	at org.springframework.beans.factory.support.DefaultListableBeanFactory.doResolveDependency(DefaultListableBeanFactory.java:1102)
	at org.springframework.beans.factory.support.DefaultListableBeanFactory.resolveDependency(DefaultListableBeanFactory.java:1064)
	at org.springframework.beans.factory.annotation.AutowiredAnnotationBeanPostProcessor$AutowiredFieldElement.inject(AutowiredAnnotationBeanPostProcessor.java:583)
	... 34 common frames omitted
</system-out>
  </testcase>
  <testcase classname="com.atguigu.crowd.test.java.com.atguigu.crowd.test.CrowdTest" name="testLog" time="0">
    <error message="Error creating bean with name &apos;com.atguigu.crowd.test.java.com.atguigu.crowd.test.CrowdTest&apos;: Unsatisfied dependency expressed through field &apos;adminMapper&apos;; nested exception is org.springframework.beans.factory.NoSuchBeanDefinitionException: No qualifying bean of type &apos;com.atguigu.crowd.mapper.AdminMapper&apos; available: expected at least 1 bean which qualifies as autowire candidate. Dependency annotations: {@org.springframework.beans.factory.annotation.Autowired(required=true)}" type="org.springframework.beans.factory.UnsatisfiedDependencyException">org.springframework.beans.factory.UnsatisfiedDependencyException: Error creating bean with name &apos;com.atguigu.crowd.test.java.com.atguigu.crowd.test.CrowdTest&apos;: Unsatisfied dependency expressed through field &apos;adminMapper&apos;; nested exception is org.springframework.beans.factory.NoSuchBeanDefinitionException: No qualifying bean of type &apos;com.atguigu.crowd.mapper.AdminMapper&apos; available: expected at least 1 bean which qualifies as autowire candidate. Dependency annotations: {@org.springframework.beans.factory.annotation.Autowired(required=true)}
	at org.springframework.beans.factory.annotation.AutowiredAnnotationBeanPostProcessor$AutowiredFieldElement.inject(AutowiredAnnotationBeanPostProcessor.java:586)
	at org.springframework.beans.factory.annotation.InjectionMetadata.inject(InjectionMetadata.java:87)
	at org.springframework.beans.factory.annotation.AutowiredAnnotationBeanPostProcessor.postProcessPropertyValues(AutowiredAnnotationBeanPostProcessor.java:364)
	at org.springframework.beans.factory.support.AbstractAutowireCapableBeanFactory.populateBean(AbstractAutowireCapableBeanFactory.java:1269)
	at org.springframework.beans.factory.support.AbstractAutowireCapableBeanFactory.autowireBeanProperties(AbstractAutowireCapableBeanFactory.java:384)
	at org.springframework.test.context.support.DependencyInjectionTestExecutionListener.injectDependencies(DependencyInjectionTestExecutionListener.java:118)
	at org.springframework.test.context.support.DependencyInjectionTestExecutionListener.prepareTestInstance(DependencyInjectionTestExecutionListener.java:83)
	at org.springframework.test.context.TestContextManager.prepareTestInstance(TestContextManager.java:230)
	at org.springframework.test.context.junit4.SpringJUnit4ClassRunner.createTest(SpringJUnit4ClassRunner.java:228)
	at org.springframework.test.context.junit4.SpringJUnit4ClassRunner$1.runReflectiveCall(SpringJUnit4ClassRunner.java:287)
	at org.junit.internal.runners.model.ReflectiveCallable.run(ReflectiveCallable.java:12)
	at org.springframework.test.context.junit4.SpringJUnit4ClassRunner.methodBlock(SpringJUnit4ClassRunner.java:289)
	at org.springframework.test.context.junit4.SpringJUnit4ClassRunner.runChild(SpringJUnit4ClassRunner.java:247)
	at org.springframework.test.context.junit4.SpringJUnit4ClassRunner.runChild(SpringJUnit4ClassRunner.java:94)
	at org.junit.runners.ParentRunner$3.run(ParentRunner.java:290)
	at org.junit.runners.ParentRunner$1.schedule(ParentRunner.java:71)
	at org.junit.runners.ParentRunner.runChildren(ParentRunner.java:288)
	at org.junit.runners.ParentRunner.access$000(ParentRunner.java:58)
	at org.junit.runners.ParentRunner$2.evaluate(ParentRunner.java:268)
	at org.springframework.test.context.junit4.statements.RunBeforeTestClassCallbacks.evaluate(RunBeforeTestClassCallbacks.java:61)
	at org.springframework.test.context.junit4.statements.RunAfterTestClassCallbacks.evaluate(RunAfterTestClassCallbacks.java:70)
	at org.junit.runners.ParentRunner.run(ParentRunner.java:363)
	at org.springframework.test.context.junit4.SpringJUnit4ClassRunner.run(SpringJUnit4ClassRunner.java:191)
	at org.apache.maven.surefire.junit4.JUnit4Provider.execute(JUnit4Provider.java:252)
	at org.apache.maven.surefire.junit4.JUnit4Provider.executeTestSet(JUnit4Provider.java:141)
	at org.apache.maven.surefire.junit4.JUnit4Provider.invoke(JUnit4Provider.java:112)
	at sun.reflect.NativeMethodAccessorImpl.invoke0(Native Method)
	at sun.reflect.NativeMethodAccessorImpl.invoke(NativeMethodAccessorImpl.java:62)
	at sun.reflect.DelegatingMethodAccessorImpl.invoke(DelegatingMethodAccessorImpl.java:43)
	at java.lang.reflect.Method.invoke(Method.java:498)
	at org.apache.maven.surefire.util.ReflectionUtils.invokeMethodWithArray(ReflectionUtils.java:189)
	at org.apache.maven.surefire.booter.ProviderFactory$ProviderProxy.invoke(ProviderFactory.java:165)
	at org.apache.maven.surefire.booter.ProviderFactory.invokeProvider(ProviderFactory.java:85)
	at org.apache.maven.surefire.booter.ForkedBooter.runSuitesInProcess(ForkedBooter.java:115)
	at org.apache.maven.surefire.booter.ForkedBooter.main(ForkedBooter.java:75)
Caused by: org.springframework.beans.factory.NoSuchBeanDefinitionException: No qualifying bean of type &apos;com.atguigu.crowd.mapper.AdminMapper&apos; available: expected at least 1 bean which qualifies as autowire candidate. Dependency annotations: {@org.springframework.beans.factory.annotation.Autowired(required=true)}
	at org.springframework.beans.factory.support.DefaultListableBeanFactory.raiseNoMatchingBeanFound(DefaultListableBeanFactory.java:1491)
	at org.springframework.beans.factory.support.DefaultListableBeanFactory.doResolveDependency(DefaultListableBeanFactory.java:1102)
	at org.springframework.beans.factory.support.DefaultListableBeanFactory.resolveDependency(DefaultListableBeanFactory.java:1064)
	at org.springframework.beans.factory.annotation.AutowiredAnnotationBeanPostProcessor$AutowiredFieldElement.inject(AutowiredAnnotationBeanPostProcessor.java:583)
	... 34 more
</error>
    <system-out>[23:22:09.646] [DEBUG] [main] [org.springframework.test.annotation.ProfileValueUtils] [Retrieved @ProfileValueSourceConfiguration [null] for test class [com.atguigu.crowd.test.java.com.atguigu.crowd.test.CrowdTest]]
[23:22:09.646] [DEBUG] [main] [org.springframework.test.annotation.ProfileValueUtils] [Retrieved ProfileValueSource type [class org.springframework.test.annotation.SystemProfileValueSource] for class [com.atguigu.crowd.test.java.com.atguigu.crowd.test.CrowdTest]]
[23:22:09.646] [DEBUG] [main] [org.springframework.test.context.support.DependencyInjectionTestExecutionListener] [Performing dependency injection for test context [[DefaultTestContext@48a242ce testClass = CrowdTest, testInstance = com.atguigu.crowd.test.java.com.atguigu.crowd.test.CrowdTest@71687585, testMethod = [null], testException = [null], mergedContextConfiguration = [MergedContextConfiguration@1e4a7dd4 testClass = CrowdTest, locations = &apos;{classpath:spring-persist-mybatis.xml}&apos;, classes = &apos;{}&apos;, contextInitializerClasses = &apos;[]&apos;, activeProfiles = &apos;{}&apos;, propertySourceLocations = &apos;{}&apos;, propertySourceProperties = &apos;{}&apos;, contextCustomizers = set[[empty]], contextLoader = &apos;org.springframework.test.context.support.DelegatingSmartContextLoader&apos;, parent = [null]]]].]
[23:22:09.646] [DEBUG] [main] [org.springframework.test.context.cache.DefaultCacheAwareContextLoaderDelegate] [Retrieved ApplicationContext from cache with key [[MergedContextConfiguration@1e4a7dd4 testClass = CrowdTest, locations = &apos;{classpath:spring-persist-mybatis.xml}&apos;, classes = &apos;{}&apos;, contextInitializerClasses = &apos;[]&apos;, activeProfiles = &apos;{}&apos;, propertySourceLocations = &apos;{}&apos;, propertySourceProperties = &apos;{}&apos;, contextCustomizers = set[[empty]], contextLoader = &apos;org.springframework.test.context.support.DelegatingSmartContextLoader&apos;, parent = [null]]]]
[23:22:09.646] [DEBUG] [main] [org.springframework.test.context.cache] [Spring test ApplicationContext cache statistics: [DefaultContextCache@c05fddc size = 1, maxSize = 32, parentContextCount = 0, hitCount = 1, missCount = 1]]
[23:22:09.647] [DEBUG] [main] [org.springframework.beans.factory.annotation.InjectionMetadata] [Processing injected element of bean &apos;com.atguigu.crowd.test.java.com.atguigu.crowd.test.CrowdTest&apos;: AutowiredFieldElement for private javax.sql.DataSource com.atguigu.crowd.test.java.com.atguigu.crowd.test.CrowdTest.dataSource]
[23:22:09.647] [DEBUG] [main] [org.springframework.beans.factory.support.DefaultListableBeanFactory] [Returning cached instance of singleton bean &apos;dataSource&apos;]
[23:22:09.647] [DEBUG] [main] [org.springframework.beans.factory.annotation.InjectionMetadata] [Processing injected element of bean &apos;com.atguigu.crowd.test.java.com.atguigu.crowd.test.CrowdTest&apos;: AutowiredFieldElement for private com.atguigu.crowd.mapper.AdminMapper com.atguigu.crowd.test.java.com.atguigu.crowd.test.CrowdTest.adminMapper]
[23:22:09.647] [ERROR] [main] [org.springframework.test.context.TestContextManager] [Caught exception while allowing TestExecutionListener [org.springframework.test.context.support.DependencyInjectionTestExecutionListener@2f8f5f62] to prepare test instance [com.atguigu.crowd.test.java.com.atguigu.crowd.test.CrowdTest@71687585]]
org.springframework.beans.factory.UnsatisfiedDependencyException: Error creating bean with name &apos;com.atguigu.crowd.test.java.com.atguigu.crowd.test.CrowdTest&apos;: Unsatisfied dependency expressed through field &apos;adminMapper&apos;; nested exception is org.springframework.beans.factory.NoSuchBeanDefinitionException: No qualifying bean of type &apos;com.atguigu.crowd.mapper.AdminMapper&apos; available: expected at least 1 bean which qualifies as autowire candidate. Dependency annotations: {@org.springframework.beans.factory.annotation.Autowired(required=true)}
	at org.springframework.beans.factory.annotation.AutowiredAnnotationBeanPostProcessor$AutowiredFieldElement.inject(AutowiredAnnotationBeanPostProcessor.java:586)
	at org.springframework.beans.factory.annotation.InjectionMetadata.inject(InjectionMetadata.java:87)
	at org.springframework.beans.factory.annotation.AutowiredAnnotationBeanPostProcessor.postProcessPropertyValues(AutowiredAnnotationBeanPostProcessor.java:364)
	at org.springframework.beans.factory.support.AbstractAutowireCapableBeanFactory.populateBean(AbstractAutowireCapableBeanFactory.java:1269)
	at org.springframework.beans.factory.support.AbstractAutowireCapableBeanFactory.autowireBeanProperties(AbstractAutowireCapableBeanFactory.java:384)
	at org.springframework.test.context.support.DependencyInjectionTestExecutionListener.injectDependencies(DependencyInjectionTestExecutionListener.java:118)
	at org.springframework.test.context.support.DependencyInjectionTestExecutionListener.prepareTestInstance(DependencyInjectionTestExecutionListener.java:83)
	at org.springframework.test.context.TestContextManager.prepareTestInstance(TestContextManager.java:230)
	at org.springframework.test.context.junit4.SpringJUnit4ClassRunner.createTest(SpringJUnit4ClassRunner.java:228)
	at org.springframework.test.context.junit4.SpringJUnit4ClassRunner$1.runReflectiveCall(SpringJUnit4ClassRunner.java:287)
	at org.junit.internal.runners.model.ReflectiveCallable.run(ReflectiveCallable.java:12)
	at org.springframework.test.context.junit4.SpringJUnit4ClassRunner.methodBlock(SpringJUnit4ClassRunner.java:289)
	at org.springframework.test.context.junit4.SpringJUnit4ClassRunner.runChild(SpringJUnit4ClassRunner.java:247)
	at org.springframework.test.context.junit4.SpringJUnit4ClassRunner.runChild(SpringJUnit4ClassRunner.java:94)
	at org.junit.runners.ParentRunner$3.run(ParentRunner.java:290)
	at org.junit.runners.ParentRunner$1.schedule(ParentRunner.java:71)
	at org.junit.runners.ParentRunner.runChildren(ParentRunner.java:288)
	at org.junit.runners.ParentRunner.access$000(ParentRunner.java:58)
	at org.junit.runners.ParentRunner$2.evaluate(ParentRunner.java:268)
	at org.springframework.test.context.junit4.statements.RunBeforeTestClassCallbacks.evaluate(RunBeforeTestClassCallbacks.java:61)
	at org.springframework.test.context.junit4.statements.RunAfterTestClassCallbacks.evaluate(RunAfterTestClassCallbacks.java:70)
	at org.junit.runners.ParentRunner.run(ParentRunner.java:363)
	at org.springframework.test.context.junit4.SpringJUnit4ClassRunner.run(SpringJUnit4ClassRunner.java:191)
	at org.apache.maven.surefire.junit4.JUnit4Provider.execute(JUnit4Provider.java:252)
	at org.apache.maven.surefire.junit4.JUnit4Provider.executeTestSet(JUnit4Provider.java:141)
	at org.apache.maven.surefire.junit4.JUnit4Provider.invoke(JUnit4Provider.java:112)
	at sun.reflect.NativeMethodAccessorImpl.invoke0(Native Method)
	at sun.reflect.NativeMethodAccessorImpl.invoke(NativeMethodAccessorImpl.java:62)
	at sun.reflect.DelegatingMethodAccessorImpl.invoke(DelegatingMethodAccessorImpl.java:43)
	at java.lang.reflect.Method.invoke(Method.java:498)
	at org.apache.maven.surefire.util.ReflectionUtils.invokeMethodWithArray(ReflectionUtils.java:189)
	at org.apache.maven.surefire.booter.ProviderFactory$ProviderProxy.invoke(ProviderFactory.java:165)
	at org.apache.maven.surefire.booter.ProviderFactory.invokeProvider(ProviderFactory.java:85)
	at org.apache.maven.surefire.booter.ForkedBooter.runSuitesInProcess(ForkedBooter.java:115)
	at org.apache.maven.surefire.booter.ForkedBooter.main(ForkedBooter.java:75)
Caused by: org.springframework.beans.factory.NoSuchBeanDefinitionException: No qualifying bean of type &apos;com.atguigu.crowd.mapper.AdminMapper&apos; available: expected at least 1 bean which qualifies as autowire candidate. Dependency annotations: {@org.springframework.beans.factory.annotation.Autowired(required=true)}
	at org.springframework.beans.factory.support.DefaultListableBeanFactory.raiseNoMatchingBeanFound(DefaultListableBeanFactory.java:1491)
	at org.springframework.beans.factory.support.DefaultListableBeanFactory.doResolveDependency(DefaultListableBeanFactory.java:1102)
	at org.springframework.beans.factory.support.DefaultListableBeanFactory.resolveDependency(DefaultListableBeanFactory.java:1064)
	at org.springframework.beans.factory.annotation.AutowiredAnnotationBeanPostProcessor$AutowiredFieldElement.inject(AutowiredAnnotationBeanPostProcessor.java:583)
	... 34 common frames omitted
</system-out>
  </testcase>
</testsuite>